"../../../../ToTheMoon/Content/FirstPerson/Character/Mesh/SK_Mannequin_Arms_Skeleton.uasset" 0
"../../../../ToTheMoon/Content/FirstPerson/Animations/FirstPerson_Idle.uasset" 1
"../../../../ToTheMoon/Content/FirstPerson/Animations/FirstPerson_JumpEnd.uasset" 2
"../../../../ToTheMoon/Content/FirstPerson/Animations/FirstPerson_JumpLoop.uasset" 3
"../../../../ToTheMoon/Content/FirstPerson/Animations/FirstPerson_JumpStart.uasset" 4
"../../../../ToTheMoon/Content/FirstPerson/Animations/FirstPerson_Run.uasset" 5
"../../../Engine/Content/EditorBlueprintResources/StandardMacros.uasset" 6
"../../../../ToTheMoon/Content/FirstPerson/Animations/FirstPerson_AnimBP.uasset" 7
"../../../../ToTheMoon/Content/FirstPerson/Character/Mesh/FirstPersonAnimBlueprint_Copy.uasset" 8
"../../../../ToTheMoon/Content/FirstPerson/Character/Textures/UE4_LOGO_CARD.uasset" 9
"../../../../ToTheMoon/Content/FirstPerson/FPWeapon/Materials/MaterialLayers/ML_Plastic_Shiny_Beige_LOGO.uasset" 10
"../../../../ToTheMoon/Content/FirstPerson/FPWeapon/Materials/MaterialLayers/T_ML_FineRubber.uasset" 11
"../../../../ToTheMoon/Content/FirstPerson/FPWeapon/Mesh/SK_FPGun_PhysicsAsset.uasset" 12
"../../../../ToTheMoon/Content/FirstPerson/Meshes/BaseMaterial.uasset" 13
"../../../../ToTheMoon/Content/FirstPerson/Meshes/CubeMaterialOverride.uasset" 14
"../../../../ToTheMoon/Content/FirstPerson/Planets/defaultMat.uasset" 15
"../../../../ToTheMoon/Content/FirstPerson/Planets/Earth_2K.uasset" 16
"../../../../ToTheMoon/Content/FirstPerson/Textures/FirstPersonCrosshair.uasset" 17
"../../../../ToTheMoon/Content/Geometry/Meshes/CubeMaterial.uasset" 18
"../../../../ToTheMoon/Content/Geometry/Meshes/1M_Cube.uasset" 19
"../../../../ToTheMoon/Content/Geometry/Meshes/1M_Cube_Chamfer.uasset" 20
"../../../../ToTheMoon/Content/Geometry/Meshes/TemplateFloor.uasset" 21
"../../../../ToTheMoon/Content/SpaceModels/Bump_2K.uasset" 22
"../../../../ToTheMoon/Content/SpaceModels/Map__12_Cellular.uasset" 23
"../../../../ToTheMoon/Content/SpaceModels/Map__15_Noise.uasset" 24
"../../../../ToTheMoon/Content/SpaceModels/Map__4_Mix.uasset" 25
"../../../../ToTheMoon/Content/StarterContent/Materials/M_Basic_Wall.uasset" 26
"../../../../ToTheMoon/Content/StarterContent/Architecture/Pillar_50x500.uasset" 27
"../../../../ToTheMoon/Content/StarterContent/Architecture/Wall_400x300.uasset" 28
"../../../../ToTheMoon/Content/StarterContent/Architecture/Wall_400x400.uasset" 29
"../../../../ToTheMoon/Content/StarterContent/Architecture/Wall_500x500.uasset" 30
"../../../../ToTheMoon/Content/StarterContent/Architecture/Wall_Door_400x400.uasset" 31
"../../../../ToTheMoon/Content/StarterContent/Architecture/Wall_Window_400x400.uasset" 32
"../../../../ToTheMoon/Content/StarterContent/Audio/Collapse01.uasset" 33
"../../../../ToTheMoon/Content/StarterContent/Audio/Collapse02.uasset" 34
"../../../../ToTheMoon/Content/StarterContent/Audio/Fire01.uasset" 35
"../../../../ToTheMoon/Content/StarterContent/Audio/Fire_Sparks01.uasset" 36
"../../../../ToTheMoon/Content/StarterContent/Audio/Light01.uasset" 37
"../../../../ToTheMoon/Content/StarterContent/Audio/Light01_Cue.uasset" 38
"../../../../ToTheMoon/Content/StarterContent/Audio/Light02.uasset" 39
"../../../../ToTheMoon/Content/StarterContent/Audio/Light02_Cue.uasset" 40
"../../../../ToTheMoon/Content/StarterContent/Audio/Smoke01.uasset" 41
"../../../../ToTheMoon/Content/StarterContent/Audio/Starter_Birds01.uasset" 42
"../../../../ToTheMoon/Content/StarterContent/Audio/Starter_Music01.uasset" 43
"../../../../ToTheMoon/Content/StarterContent/Audio/Starter_Wind05.uasset" 44
"../../../../ToTheMoon/Content/StarterContent/Audio/Starter_Wind06.uasset" 45
"../../../../ToTheMoon/Content/StarterContent/Audio/Steam01.uasset" 46
"../../../../ToTheMoon/Content/StarterContent/Audio/Explosion_Cue.uasset" 47
"../../../../ToTheMoon/Content/StarterContent/Textures/T_Burst_M.uasset" 48
"../../../../ToTheMoon/Content/StarterContent/Particles/Materials/M_Burst.uasset" 49
"../../../../ToTheMoon/Content/StarterContent/Textures/T_Explosion_SubUV.uasset" 50
"../../../../ToTheMoon/Content/StarterContent/Particles/Materials/M_explosion_subUV.uasset" 51
"../../../../ToTheMoon/Content/StarterContent/Particles/Materials/m_flare_01.uasset" 52
"../../../Engine/Content/Functions/Engine_MaterialFunctions01/Gradient/RadialGradient.uasset" 53
"../../../../ToTheMoon/Content/StarterContent/Particles/Materials/M_radial_ramp.uasset" 54
"../../../../ToTheMoon/Content/StarterContent/Textures/T_Smoke_SubUV.uasset" 55
"../../../../ToTheMoon/Content/StarterContent/Textures/T_Smoke_Tiled_D.uasset" 56
"../../../../ToTheMoon/Content/StarterContent/Particles/Materials/M_smoke_subUV.uasset" 57
"../../../../ToTheMoon/Content/StarterContent/Particles/P_Explosion.uasset" 58
"../../../../ToTheMoon/Content/StarterContent/Blueprints/Blueprint_Effect_Explosion.uasset" 59
"../../../Engine/Content/EditorMeshes/ColorCalibrator/T_ColorGrid.uasset" 60
"../../../../ToTheMoon/Content/StarterContent/Materials/M_ColorGrid_LowSpec.uasset" 61
"../../../../ToTheMoon/Content/StarterContent/Textures/T_Bush_D.uasset" 62
"../../../../ToTheMoon/Content/StarterContent/Textures/T_Bush_N.uasset" 63
"../../../../ToTheMoon/Content/StarterContent/Props/Materials/M_Bush.uasset" 64
"../../../../ToTheMoon/Content/StarterContent/Props/SM_Bush.uasset" 65
"../../../../ToTheMoon/Content/StarterContent/Textures/T_Chair_M.uasset" 66
"../../../../ToTheMoon/Content/StarterContent/Textures/T_Chair_N.uasset" 67
"../../../../ToTheMoon/Content/StarterContent/Props/Materials/M_Chair.uasset" 68
"../../../../ToTheMoon/Content/StarterContent/Props/SM_Couch.uasset" 69
"../../../../ToTheMoon/Content/StarterContent/Materials/M_Glass.uasset" 70
"../../../../ToTheMoon/Content/StarterContent/Textures/T_Door_M.uasset" 71
"../../../../ToTheMoon/Content/StarterContent/Textures/T_Door_N.uasset" 72
"../../../../ToTheMoon/Content/StarterContent/Props/Materials/M_Door.uasset" 73
"../../../../ToTheMoon/Content/StarterContent/Props/SM_Door.uasset" 74
"../../../../ToTheMoon/Content/StarterContent/Props/Materials/M_MaterialSphere.uasset" 75
"../../../../ToTheMoon/Content/StarterContent/Props/Materials/M_MaterialSphere_Plain.uasset" 76
"../../../../ToTheMoon/Content/StarterContent/Props/SM_MatPreviewMesh_02.uasset" 77
"../../../Engine/Content/Functions/Engine_MaterialFunctions02/Utility/BlendAngleCorrectedNormals.uasset" 78
"../../../../ToTheMoon/Content/StarterContent/Textures/T_Detail_Rocky_N.uasset" 79
"../../../../ToTheMoon/Content/StarterContent/Textures/T_Rock_Basalt_D.uasset" 80
"../../../../ToTheMoon/Content/StarterContent/Textures/T_RockMesh_M.uasset" 81
"../../../../ToTheMoon/Content/StarterContent/Textures/T_RockMesh_N.uasset" 82
"../../../../ToTheMoon/Content/StarterContent/Props/Materials/M_Rock.uasset" 83
"../../../../ToTheMoon/Content/StarterContent/Props/SM_Rock.uasset" 84
"../../../../ToTheMoon/Content/StarterContent/Textures/T_Shelf_M.uasset" 85
"../../../../ToTheMoon/Content/StarterContent/Textures/T_Shelf_N.uasset" 86
"../../../../ToTheMoon/Content/StarterContent/Props/Materials/M_Shelf.uasset" 87
"../../../../ToTheMoon/Content/StarterContent/Props/SM_Shelf.uasset" 88
"../../../../ToTheMoon/Content/StarterContent/Materials/M_Basic_Floor.uasset" 89
"../../../../ToTheMoon/Content/StarterContent/Props/SM_Stairs.uasset" 90
"../../../../ToTheMoon/Content/StarterContent/Shapes/Shape_Cone.uasset" 91
"../../../../ToTheMoon/Content/StarterContent/Shapes/Shape_Cylinder.uasset" 92
"../../../../ToTheMoon/Content/StarterContent/Shapes/Shape_NarrowCapsule.uasset" 93
"../../../../ToTheMoon/Content/StarterContent/Shapes/Shape_Pipe.uasset" 94
"../../../../ToTheMoon/Content/StarterContent/Shapes/Shape_Pipe_180.uasset" 95
"../../../../ToTheMoon/Content/StarterContent/Shapes/Shape_Pipe_90.uasset" 96
"../../../../ToTheMoon/Content/StarterContent/Shapes/Shape_Plane.uasset" 97
"../../../../ToTheMoon/Content/StarterContent/Shapes/Shape_Torus.uasset" 98
"../../../../ToTheMoon/Content/StarterContent/Shapes/Shape_Trim.uasset" 99
"../../../../ToTheMoon/Content/StarterContent/Shapes/Shape_Trim_90_In.uasset" 100
"../../../../ToTheMoon/Content/StarterContent/Shapes/Shape_Trim_90_Out.uasset" 101
"../../../../ToTheMoon/Content/StarterContent/Shapes/Shape_TriPyramid.uasset" 102
"../../../../ToTheMoon/Content/StarterContent/Shapes/Shape_Tube.uasset" 103
"../../../../ToTheMoon/Content/StarterContent/Shapes/Shape_Wedge_A.uasset" 104
"../../../../ToTheMoon/Content/StarterContent/Shapes/Shape_Wedge_B.uasset" 105
"../../../../ToTheMoon/Content/StarterContent/Shapes/Shape_WideCapsule.uasset" 106
"../../../Engine/Content/Animation/DefaultAnimBoneCompressionSettings.uasset" 107
"../../../Engine/Content/Animation/DefaultAnimCurveCompressionSettings.uasset" 108
"../../../Engine/Content/Functions/Engine_MaterialFunctions01/Opacity/CameraDepthFade.uasset" 109
"../../../Engine/Content/EngineMaterials/T_Default_Material_Grid_M.uasset" 110
"../../../Engine/Content/EngineMaterials/T_Default_Material_Grid_N.uasset" 111
"../../../Engine/Content/EngineMaterials/WorldGridMaterial.uasset" 112
"../../../Engine/Content/ArtTools/RenderToTexture/Meshes/S_1_Unit_Plane.uasset" 113
"../../../Engine/Content/EngineMaterials/DefaultMaterial.uasset" 114
"../../../Engine/Content/BasicShapes/Cone.uasset" 115
"../../../Engine/Content/BasicShapes/Plane.uasset" 116
"../../../Engine/Content/EditorLandscapeResources/DataLayer.uasset" 117
"../../../Engine/Content/EditorMaterials/MAT_Groups_Toggle.uasset" 118
"../../../Engine/Content/EditorMaterials/MAT_Groups_Visibility.uasset" 119
"../../../Engine/Content/EditorMaterials/PreviewShadowIndicator.uasset" 120
"../../../Engine/Content/EditorMaterials/PreviewShadowIndicatorMaterial.uasset" 121
"../../../Engine/Content/EditorMaterials/MatineeGroups/MAT_ColorTrack.uasset" 122
"../../../Engine/Content/EditorMaterials/MatineeGroups/MAT_Groups_Anim.uasset" 123
"../../../Engine/Content/EditorMaterials/MatineeGroups/MAT_Groups_AudioMaster.uasset" 124
"../../../Engine/Content/EditorMaterials/MatineeGroups/MAT_Groups_Director.uasset" 125
"../../../Engine/Content/EditorMaterials/MatineeGroups/MAT_Groups_Event.uasset" 126
"../../../Engine/Content/EditorMaterials/MatineeGroups/MAT_Groups_Fade.uasset" 127
"../../../Engine/Content/EditorMaterials/MatineeGroups/MAT_Groups_Float.uasset" 128
"../../../Engine/Content/EditorMaterials/MatineeGroups/MAT_Groups_Move.uasset" 129
"../../../Engine/Content/EditorMaterials/MatineeGroups/MAT_Groups_Slomo.uasset" 130
"../../../Engine/Content/EditorMaterials/MatineeGroups/MAT_Groups_Sound.uasset" 131
"../../../Engine/Content/EditorMaterials/MatineeGroups/MAT_Groups_Vector.uasset" 132
"../../../Engine/Content/EditorMaterials/ParticleSystems/PSysThumbnail_NoImage.uasset" 133
"../../../Engine/Content/EditorMaterials/ParticleSystems/PSysThumbnail_OOD.uasset" 134
"../../../Engine/Content/EditorMaterials/Camera/CineMat.uasset" 135
"../../../Engine/Content/EditorMaterials/Camera/MI_CineMat_Rig.uasset" 136
"../../../Engine/Content/EditorMeshes/Camera/SM_CraneRig_Arm.uasset" 137
"../../../Engine/Content/EditorMeshes/Camera/SM_CraneRig_Base.uasset" 138
"../../../Engine/Content/EditorMeshes/Camera/SM_CraneRig_Body.uasset" 139
"../../../Engine/Content/EditorMeshes/Camera/SM_CraneRig_Mount.uasset" 140
"../../../Engine/Content/EditorMeshes/Camera/SM_RailRig_Mount.uasset" 141
"../../../Engine/Content/EditorMeshes/Camera/SM_RailRig_Track.uasset" 142
"../../../Engine/Content/EditorResources/BSPVertex.uasset" 143
"../../../Engine/Content/EditorResources/EmptyActor.uasset" 144
"../../../Engine/Content/EditorResources/S_Actor.uasset" 145
"../../../Engine/Content/EditorResources/S_Note.uasset" 146
"../../../Engine/Content/EditorResources/S_Solver.uasset" 147
"../../../Engine/Content/EditorResources/S_Trigger.uasset" 148
"../../../Engine/Content/EditorResources/AudioIcons/S_AudioComponent.uasset" 149
"../../../Engine/Content/EditorResources/AudioIcons/S_AudioComponent_AutoActivate.uasset" 150
"../../../Engine/Content/EditorResources/LightIcons/S_LightError.uasset" 151
"../../../Engine/Content/EditorResources/SequenceRecorder/Countdown.uasset" 152
"../../../Engine/Content/EditorResources/SequenceRecorder/RecordingIndicator.uasset" 153
"../../../Engine/Content/EditorSounds/Notifications/CompileFailed.uasset" 154
"../../../Engine/Content/EditorSounds/Notifications/CompileFailed_Cue.uasset" 155
"../../../Engine/Content/EditorSounds/Notifications/CompileSuccess.uasset" 156
"../../../Engine/Content/EditorSounds/Notifications/CompileStart_Cue.uasset" 157
"../../../Engine/Content/EditorSounds/Notifications/CompileSuccess_Cue.uasset" 158
"../../../Engine/Content/EngineDamageTypes/DmgTypeBP_Environmental.uasset" 159
"../../../Engine/Content/EngineDebugMaterials/DebugEditorMaterial.uasset" 160
"../../../Engine/Content/EngineDebugMaterials/DebugMeshMaterial.uasset" 161
"../../../Engine/Content/EngineDebugMaterials/M_SimpleUnlitTranslucent.uasset" 162
"../../../Engine/Content/Functions/Engine_MaterialFunctions02/Utility/CameraDirectionVector.uasset" 163
"../../../Engine/Content/EngineDebugMaterials/VolumeToRender.uasset" 164
"../../../Engine/Content/EngineDebugMaterials/M_VolumeRenderSphereTracePP.uasset" 165
"../../../Engine/Content/EngineDebugMaterials/WireframeMaterial.uasset" 166
"../../../Engine/Content/EngineFonts/Faces/DroidSansFallback.uasset" 167
"../../../Engine/Content/EngineFonts/Faces/RobotoBold.uasset" 168
"../../../Engine/Content/EngineFonts/Faces/RobotoBoldItalic.uasset" 169
"../../../Engine/Content/EngineFonts/Faces/RobotoItalic.uasset" 170
"../../../Engine/Content/EngineFonts/Faces/RobotoLight.uasset" 171
"../../../Engine/Content/EngineFonts/Faces/RobotoRegular.uasset" 172
"../../../Engine/Content/EngineFonts/Roboto.uasset" 173
"../../../Engine/Content/EngineMaterials/BaseFlattenDiffuseMap.uasset" 174
"../../../Engine/Content/EngineMaterials/BaseFlattenEmissiveMap.uasset" 175
"../../../Engine/Content/EngineMaterials/BaseFlattenGrayscaleMap.uasset" 176
"../../../Engine/Content/EngineMaterials/BaseFlattenNormalMap.uasset" 177
"../../../Engine/Content/EngineMaterials/BaseFlattenMaterial.uasset" 178
"../../../Engine/Content/EngineMaterials/BlueNoise.uasset" 179
"../../../Engine/Content/EngineMaterials/DefaultBloomKernel.uasset" 180
"../../../Engine/Content/EngineMaterials/DefaultBokeh.uasset" 181
"../../../Engine/Content/EngineMaterials/DefaultDiffuse.uasset" 182
"../../../Engine/Content/EngineMaterials/DefaultDeferredDecalMaterial.uasset" 183
"../../../Engine/Content/EngineMaterials/DefaultLightFunctionMaterial.uasset" 184
"../../../Engine/Content/EngineMaterials/DefaultPhysicalMaterial.uasset" 185
"../../../Engine/Content/Functions/Engine_MaterialFunctions02/Utility/BreakOutFloat2Components.uasset" 186
"../../../Engine/Content/EngineMaterials/DefaultPostProcessMaterial.uasset" 187
"../../../Engine/Content/EngineFonts/RobotoDistanceField.uasset" 188
"../../../Engine/Content/EngineMaterials/DefaultTextMaterialOpaque.uasset" 189
"../../../Engine/Content/EngineMaterials/DefaultWhiteGrid.uasset" 190
"../../../Engine/Content/EngineMaterials/DefaultWhiteGrid_Low.uasset" 191
"../../../Engine/Content/EngineMaterials/EmissiveMeshMaterial.uasset" 192
"../../../Engine/Content/EngineMaterials/GizmoMaterial.uasset" 193
"../../../Engine/Content/EngineMaterials/Good64x64TilingNoiseHighFreq.uasset" 194
"../../../Engine/Content/EngineMaterials/MiniFont.uasset" 195
"../../../Engine/Content/EngineMaterials/InvalidLightmapSettings.uasset" 196
"../../../Engine/Content/EngineMaterials/M_InvalidLightmapSettings.uasset" 197
"../../../Engine/Content/Functions/Engine_MaterialFunctions02/WorldPositionOffset/CameraOffset.uasset" 198
"../../../Engine/Content/EngineMaterials/PhAT_JointLimitMaterial.uasset" 199
"../../../Engine/Content/EngineMaterials/PreintegratedSkinBRDF.uasset" 200
"../../../Engine/Content/EngineMaterials/RemoveSurfaceMaterial.uasset" 201
"../../../Engine/Content/EngineMaterials/WeightMapPlaceholderTexture.uasset" 202
"../../../Engine/Content/EngineResources/WhiteSquareTexture.uasset" 203
"../../../Engine/Content/EngineMaterials/Widget3DPassThrough.uasset" 204
"../../../Engine/Content/EngineMaterials/Widget3DPassThrough_Masked.uasset" 205
"../../../Engine/Content/EngineMaterials/Widget3DPassThrough_Opaque.uasset" 206
"../../../Engine/Content/EngineMaterials/Widget3DPassThrough_Masked_OneSided.uasset" 207
"../../../Engine/Content/EngineMaterials/Widget3DPassThrough_Opaque_OneSided.uasset" 208
"../../../Engine/Content/EngineMaterials/Widget3DPassThrough_Translucent.uasset" 209
"../../../Engine/Content/EngineMaterials/Widget3DPassThrough_Translucent_OneSided.uasset" 210
"../../../Engine/Content/EngineMeshes/Cylinder.uasset" 211
"../../../Engine/Content/EngineMeshes/Sphere.uasset" 212
"../../../Engine/Content/EngineResources/Black.uasset" 213
"../../../Engine/Content/EngineResources/DefaultTexture.uasset" 214
"../../../Engine/Content/EngineResources/DefaultTextureCube.uasset" 215
"../../../Engine/Content/EngineResources/DefaultVolumeTexture2D.uasset" 216
"../../../Engine/Content/EngineResources/DefaultVolumeTexture.uasset" 217
"../../../Engine/Content/EngineResources/GradientTexture0.uasset" 218
"../../../Engine/Content/EngineSounds/Master.uasset" 219
"../../../Engine/Content/Functions/Engine_MaterialFunctions01/Shading/ConvertFromDiffSpec.uasset" 220
"../../../Engine/Content/Functions/Engine_MaterialFunctions01/Shading/PowerToRoughness.uasset" 221
"../../../Engine/Content/Maps/Templates/Thumbnails/Default.uasset" 222
"../../../Engine/Content/Maps/Templates/Thumbnails/TimeOfDay.uasset" 223
"../../../Engine/Content/Maps/Templates/Thumbnails/VR-Basic.uasset" 224
"../../../Engine/Content/MobileResources/T_MobileControls_texture.uasset" 225
"../../../Engine/Content/MobileResources/T_MobileMenu2.uasset" 226
"../../../Engine/Content/MobileResources/HUD/AnalogHat.uasset" 227
"../../../Engine/Content/MobileResources/HUD/VirtualJoystick_Background.uasset" 228
"../../../Engine/Content/MobileResources/HUD/VirtualJoystick_Thumb.uasset" 229
"../../../Engine/Content/MobileResources/HUD/DefaultVirtualJoysticks.uasset" 230
"../../../Engine/Content/MobileResources/HUD/LeftVirtualJoystickOnly.uasset" 231
"../../../Engine/Content/MobileResources/HUD/MobileHUDButton1_off.uasset" 232
"../../../Engine/Content/MobileResources/HUD/MobileHUDButton1_on.uasset" 233
"../../../Engine/Content/MobileResources/HUD/MobileHUDButton2_off.uasset" 234
"../../../Engine/Content/MobileResources/HUD/MobileHUDButton2_on.uasset" 235
"../../../Engine/Content/MobileResources/HUD/MobileHUDButton3.uasset" 236
"../../../Engine/Content/MobileResources/HUD/MobileHUDButtonFire.uasset" 237
"../../../Engine/Content/MobileResources/HUD/MobileHUDDirectionPad.uasset" 238
"../../../Engine/Content/MobileResources/HUD/MobileHUDDirectionPad2.uasset" 239
"../../../Engine/Content/MobileResources/HUD/MobileHUDDirectionPad3.uasset" 240
"../../../Engine/Content/MobileResources/HUD/MobileHUDDirectionStick.uasset" 241
"../../../Engine/Content/MobileResources/HUD/T_Castle_ThumbstickInner.uasset" 242
"../../../Engine/Content/MobileResources/HUD/T_Castle_ThumbstickOutter.uasset" 243
"../../../Engine/Content/Tutorial/ContentIntroCurve.uasset" 244
"../../../Engine/Content/Tutorial/Basics/LevelEditorAttract.uasset" 245
"../../../Engine/Content/Tutorial/Code/AddingCode.uasset" 246
"../../../Engine/Content/VREditor/LaserPointer/VR_LaserPower_01.uasset" 247
"../../../Engine/Content/VREditor/TransformGizmo/TransformGizmoMaterial.uasset" 248
"../../../Engine/Content/VREditor/TransformGizmo/TranslucentTransformGizmoMaterial.uasset" 249
"../../../Engine/Content/VREditor/TransformGizmo/BoundingBoxCorner.uasset" 250
"../../../Engine/Content/VREditor/TransformGizmo/BoundingBoxEdge.uasset" 251
"../../../Engine/Content/VREditor/TransformGizmo/PlaneTranslationHandle.uasset" 252
"../../../Engine/Content/VREditor/TransformGizmo/Main.uasset" 253
"../../../Engine/Content/VREditor/TransformGizmo/Xray.uasset" 254
"../../../Engine/Content/VREditor/TransformGizmo/SM_Sequencer_Key.uasset" 255
"../../../Engine/Content/VREditor/TransformGizmo/SM_Sequencer_Node.uasset" 256
"../../Plugins/2D/Paper2D/Content/PlaceholderTextures/DummySpriteTexture.uasset" 257
"../../Plugins/2D/Paper2D/Content/DummySprite.uasset" 258
"../../Plugins/2D/Paper2D/Content/DefaultPaperTerrainMaterial.uasset" 259
"../../Plugins/2D/Paper2D/Content/DefaultSpriteMaterial.uasset" 260
"../../Plugins/2D/Paper2D/Content/MaskedUnlitSpriteMaterial.uasset" 261
"../../Plugins/2D/Paper2D/Content/OpaqueUnlitSpriteMaterial.uasset" 262
"../../Plugins/FX/Niagara/Content/Enums/ENiagaraBooleanLogicOps.uasset" 263
"../../Plugins/FX/Niagara/Content/Enums/ENiagaraCoordinateSpace.uasset" 264
"../../Plugins/FX/Niagara/Content/Enums/ENiagaraExpansionMode.uasset" 265
"../../Plugins/FX/Niagara/Content/Enums/ENiagaraOrientationAxis.uasset" 266
"../../Plugins/FX/Niagara/Content/Enums/ENiagaraRandomnessMode.uasset" 267
"../../../Engine/Content/Functions/Engine_MaterialFunctions02/Utility/BreakOutFloat4Components.uasset" 268
"../../../Engine/Content/Functions/Engine_MaterialFunctions02/Utility/MakeFloat2.uasset" 269
"../../../Engine/Content/Functions/Engine_MaterialFunctions02/Utility/MakeFloat3.uasset" 270
"../../Plugins/Runtime/Oculus/OculusVR/Content/Materials/OculusMR_ChromaKey.uasset" 271
"../../Plugins/Runtime/Oculus/OculusVR/Content/Materials/OculusMR_ChromaKey_Lit.uasset" 272
"../../Plugins/Runtime/Oculus/OculusVR/Content/Materials/OculusMR_OpaqueColoredMaterial.uasset" 273
"../../Plugins/Runtime/Oculus/OculusVR/Content/Materials/OculusMR_WhiteMaterial.uasset" 274
"../../../../ToTheMoon/Content/FirstPerson/Animations/FirstPerson_Fire.uasset" 275
"../../../../ToTheMoon/Content/FirstPerson/Animations/FirstPersonFire_Montage.uasset" 276
"../../../../ToTheMoon/Content/FirstPerson/Meshes/FirstPersonProjectileMaterial.uasset" 277
"../../../../ToTheMoon/Content/FirstPerson/Meshes/FirstPersonProjectileMesh.uasset" 278
"../../../../ToTheMoon/Content/StarterContent/Textures/T_Fire_SubUV.uasset" 279
"../../../../ToTheMoon/Content/StarterContent/Textures/T_Fire_Tiled_D.uasset" 280
"../../../../ToTheMoon/Content/StarterContent/Particles/Materials/M_Fire_SubUV.uasset" 281
"../../../../ToTheMoon/Content/StarterContent/Textures/T_Water_N.uasset" 282
"../../../../ToTheMoon/Content/StarterContent/Particles/Materials/M_Heat_Distortion.uasset" 283
"../../../../ToTheMoon/Content/StarterContent/Particles/Materials/M_Radial_Gradient.uasset" 284
"../../../../ToTheMoon/Content/StarterContent/Particles/P_Fire.uasset" 285
"../../../../ToTheMoon/Content/FirstPersonCPP/Blueprints/FirstPersonProjectile.uasset" 286
"../../../../ToTheMoon/Content/FirstPerson/Materials/Red.uasset" 287
"../../../../ToTheMoon/Content/SpaceModels/ufo_diffuse.uasset" 288
"../../../../ToTheMoon/Content/SpaceModels/ufo_diffuse_glow.uasset" 289
"../../../../ToTheMoon/Content/SpaceModels/ufo_normal.uasset" 290
"../../../../ToTheMoon/Content/SpaceModels/ufo_spec.uasset" 291
"../../../../ToTheMoon/Content/SpaceModels/UFO_texture.uasset" 292
"../../../Engine/Content/BasicShapes/Sphere.uasset" 293
"../../../Engine/Content/VREditor/Sounds/UI/Laser_Push.uasset" 294
"../../../../ToTheMoon/Content/StarterContent/Audio/Explosion01.uasset" 295
"../../../../ToTheMoon/Content/FirstPersonCPP/Blueprints/BP_Drone.uasset" 296
"../../../../ToTheMoon/Content/StarterContent/Textures/T_MacroVariation.uasset" 297
"../../../../ToTheMoon/Content/StarterContent/Textures/T_Metal_Rust_D.uasset" 298
"../../../../ToTheMoon/Content/StarterContent/Textures/T_Metal_Rust_N.uasset" 299
"../../../../ToTheMoon/Content/StarterContent/Materials/M_Metal_Rust.uasset" 300
"../../../../ToTheMoon/Content/SpaceModels/Sphere01Mat.uasset" 301
"../../../../ToTheMoon/Content/SpaceModels/asteroid_OBJ.uasset" 302
"../../../../ToTheMoon/Content/FirstPersonCPP/Blueprints/Asteroid.uasset" 303
"../../../../ToTheMoon/Content/FirstPerson/Sprites/Crosshair.uasset" 304
"../../../../ToTheMoon/Content/FirstPersonCPP/Blueprints/Player_UI.uasset" 305
"../../../../ToTheMoon/Content/FirstPersonCPP/Blueprints/BP_PlayerHUD.uasset" 306
"../../../../ToTheMoon/Content/StarterContent/Shapes/Shape_Sphere.uasset" 307
"../../../../ToTheMoon/Content/FirstPersonCPP/Blueprints/BP_Bullet.uasset" 308
"../../../../ToTheMoon/Content/FirstPerson/Audio/FirstPersonTemplateWeaponFire02.uasset" 309
"../../../Engine/Content/Functions/MaterialLayerFunctions/MatLayerBlend_NormalBlend.uasset" 310
"../../../Engine/Content/Functions/MaterialLayerFunctions/MatLayerBlend_Simple.uasset" 311
"../../../../ToTheMoon/Content/FirstPerson/Character/Materials/MaterialLayers/T_ML_Rubber_Blue_01_D.uasset" 312
"../../../../ToTheMoon/Content/FirstPerson/Character/Materials/MaterialLayers/T_ML_Rubber_Blue_01_N.uasset" 313
"../../../../ToTheMoon/Content/FirstPerson/Character/Materials/MaterialLayers/ML_GlossyBlack_Latex_UE4.uasset" 314
"../../../../ToTheMoon/Content/FirstPerson/Character/Materials/MaterialLayers/ML_Plastic_Shiny_Beige.uasset" 315
"../../../../ToTheMoon/Content/FirstPerson/Character/Materials/MaterialLayers/ML_Plastic_Shiny_Beige_LOGO.uasset" 316
"../../../../ToTheMoon/Content/FirstPerson/Character/Materials/MaterialLayers/T_ML_Aluminum01.uasset" 317
"../../../../ToTheMoon/Content/FirstPerson/Character/Materials/MaterialLayers/T_ML_Aluminum01_N.uasset" 318
"../../../../ToTheMoon/Content/FirstPerson/Character/Materials/MaterialLayers/ML_SoftMetal_UE4.uasset" 319
"../../../../ToTheMoon/Content/FirstPerson/Character/Textures/UE4_Mannequin__normals.uasset" 320
"../../../../ToTheMoon/Content/FirstPerson/Character/Textures/UE4_Mannequin_MAT_MASKA.uasset" 321
"../../../../ToTheMoon/Content/FirstPerson/Character/Materials/M_UE4Man_Body.uasset" 322
"../../../../ToTheMoon/Content/FirstPerson/Character/Mesh/SK_Mannequin_Arms_PhysicsAsset.uasset" 323
"../../../../ToTheMoon/Content/FirstPerson/Character/Mesh/SK_Mannequin_Arms.uasset" 324
"../../../../ToTheMoon/Content/FirstPerson/FPWeapon/Materials/MaterialLayers/T_ML_Rubber_Blue_01_D.uasset" 325
"../../../../ToTheMoon/Content/FirstPerson/FPWeapon/Materials/MaterialLayers/T_ML_Rubber_Blue_01_N.uasset" 326
"../../../../ToTheMoon/Content/FirstPerson/FPWeapon/Materials/MaterialLayers/ML_GlossyBlack_Latex_UE4.uasset" 327
"../../../../ToTheMoon/Content/FirstPerson/FPWeapon/Materials/MaterialLayers/ML_Plastic_Shiny_Beige.uasset" 328
"../../../../ToTheMoon/Content/FirstPerson/FPWeapon/Materials/MaterialLayers/ML_Screen.uasset" 329
"../../../../ToTheMoon/Content/FirstPerson/FPWeapon/Materials/MaterialLayers/T_ML_Aluminum01.uasset" 330
"../../../../ToTheMoon/Content/FirstPerson/FPWeapon/Materials/MaterialLayers/T_ML_Aluminum01_N.uasset" 331
"../../../../ToTheMoon/Content/FirstPerson/FPWeapon/Materials/MaterialLayers/ML_SoftMetal_UE4.uasset" 332
"../../../../ToTheMoon/Content/FirstPerson/FPWeapon/Textures/T_FPGun_M.uasset" 333
"../../../../ToTheMoon/Content/FirstPerson/FPWeapon/Textures/T_FPGun_N.uasset" 334
"../../../../ToTheMoon/Content/FirstPerson/FPWeapon/Materials/M_FPGun.uasset" 335
"../../../../ToTheMoon/Content/FirstPerson/FPWeapon/Mesh/SK_FPGun_Skeleton.uasset" 336
"../../../../ToTheMoon/Content/FirstPerson/FPWeapon/Mesh/SK_FPGun.uasset" 337
"../../../../ToTheMoon/Content/FirstPersonCPP/Blueprints/FirstPersonCharacter.uasset" 338
"../../../Engine/Content/EngineSky/C_Sky_Cloud_Color.uasset" 339
"../../../Engine/Content/EngineSky/C_Sky_Horizon_Color.uasset" 340
"../../../Engine/Content/EngineSky/C_Sky_Zenith_Color.uasset" 341
"../../../Engine/Content/EngineSky/T_Sky_Blue.uasset" 342
"../../../Engine/Content/EngineSky/T_Sky_Clouds_M.uasset" 343
"../../../Engine/Content/EngineSky/T_Sky_Stars.uasset" 344
"../../../Engine/Content/EngineSky/M_Sky_Panning_Clouds2.uasset" 345
"../../../Engine/Content/EngineSky/SM_SkySphere.uasset" 346
"../../../Engine/Content/EngineSky/BP_Sky_Sphere.uasset" 347
"../../../../ToTheMoon/Content/FirstPerson/Planets/Earth.uasset" 348
"../../../../ToTheMoon/Content/FirstPerson/Planets/Mat_Earth.uasset" 349
"../../../../ToTheMoon/Content/FirstPerson/Planets/BP_Earth.uasset" 350
"../../../../ToTheMoon/Content/FirstPerson/Planets/Moon.uasset" 351
"../../../../ToTheMoon/Content/FirstPerson/Planets/Mat_Moon.uasset" 352
"../../../../ToTheMoon/Content/FirstPerson/Planets/BP_Moon.uasset" 353
"../../../../ToTheMoon/Content/FirstPerson/Materials/Trans_Green.uasset" 354
"../../../Engine/Content/BasicShapes/Cube.uasset" 355
"../../../../ToTheMoon/Content/FirstPersonCPP/Blueprints/Barrier.uasset" 356
"../../../../ToTheMoon/Content/StarterContent/Textures/T_Metal_Steel_D.uasset" 357
"../../../../ToTheMoon/Content/StarterContent/Textures/T_Metal_Steel_N.uasset" 358
"../../../../ToTheMoon/Content/StarterContent/Materials/M_Metal_Steel.uasset" 359
"../../../../ToTheMoon/Content/SpaceModels/defaultMat.uasset" 360
"../../../../ToTheMoon/Content/SpaceModels/Container_Free.uasset" 361
"../../../../ToTheMoon/Content/FirstPersonCPP/Blueprints/BP_Oxygen_Container.uasset" 362
"../../../../ToTheMoon/Content/SpaceModels/SpaceStation.uasset" 363
"../../../../ToTheMoon/Content/StarterContent/Audio/Explosion02.uasset" 364
"../../../../ToTheMoon/Content/FirstPersonCPP/Blueprints/BP_SpaceStation.uasset" 365
"../../../../ToTheMoon/Content/SpaceModels/ufo_diffuse2.uasset" 366
"../../../../ToTheMoon/Content/SpaceModels/ufo_diffuse2_glow.uasset" 367
"../../../../ToTheMoon/Content/SpaceModels/UFO_texture2.uasset" 368
"../../../../ToTheMoon/Content/SpaceModels/Low_poly_UFO_UFO_body.uasset" 369
"../../../../ToTheMoon/Content/SpaceModels/Low_poly_UFO_UFO_cockpit.uasset" 370
"../../../../ToTheMoon/Content/FirstPersonCPP/Blueprints/BP_UFO.uasset" 371
"../../../../ToTheMoon/Content/FirstPersonCPP/Blueprints/MyToTheMoonGameMode.uasset" 372
"../../../../ToTheMoon/Content/FirstPersonCPP/Maps/FirstPersonExampleMap_BuiltData.uasset" 373
"../../../Engine/Content/BasicShapes/BasicShapeMaterial.uasset" 374
"../../../Engine/Content/BasicShapes/Cylinder.uasset" 375
"../../../../ToTheMoon/Content/FirstPersonCPP/Maps/FirstPersonExampleMap.umap" 376
"../../../../ToTheMoon/Content/FirstPersonCPP/Maps/MainMenu_BuiltData.uasset" 377
"../../../../ToTheMoon/Content/FirstPersonCPP/Blueprints/Controls_UI.uasset" 378
"../../../../ToTheMoon/Content/FirstPersonCPP/Blueprints/MainMenu_UI.uasset" 379
"../../../../ToTheMoon/Content/FirstPersonCPP/Maps/MainMenu.umap" 380
"../../../../ToTheMoon/Content/StarterContent/Blueprints/Assets/FogBrightnessLUT.uasset" 381
"../../../../ToTheMoon/Content/StarterContent/Blueprints/Assets/SunlightColorLUT.uasset" 382
"../../../../ToTheMoon/Content/StarterContent/Blueprints/Assets/M_LightStage_Arrows.uasset" 383
"../../../Engine/Content/MapTemplates/Sky/DaylightAmbientCubemap.uasset" 384
"../../../../ToTheMoon/Content/StarterContent/Blueprints/Assets/M_LightStage_Skybox_Master.uasset" 385
"../../../../ToTheMoon/Content/StarterContent/Blueprints/Assets/M_LightStage_Skybox_Black.uasset" 386
"../../../../ToTheMoon/Content/StarterContent/Blueprints/Assets/M_LightStage_Skybox_HDRI.uasset" 387
"../../../Engine/Content/EditorMaterials/Thumbnails/SkySphereMaterial.uasset" 388
"../../../../ToTheMoon/Content/StarterContent/Blueprints/Assets/Skybox.uasset" 389
"../../../../ToTheMoon/Content/StarterContent/Blueprints/Assets/SM_Arrows.uasset" 390
"../../../../ToTheMoon/Content/StarterContent/HDRI/HDRI_Epic_Courtyard_Daylight.uasset" 391
"../../../../ToTheMoon/Content/StarterContent/Blueprints/BP_LightStudio.uasset" 392
"../../../../ToTheMoon/Content/StarterContent/Maps/Advanced_Lighting_BuiltData.uasset" 393
"../../../../ToTheMoon/Content/StarterContent/Materials/M_AssetPlatform.uasset" 394
"../../../Engine/Content/EditorMeshes/ColorCalibrator/M_ChromeBall.uasset" 395
"../../../Engine/Content/EditorMeshes/ColorCalibrator/M_ClearCoat.uasset" 396
"../../../Engine/Content/EditorMeshes/ColorCalibrator/M_ClearCoatBlack.uasset" 397
"../../../Engine/Content/EditorMeshes/ColorCalibrator/Color_checker.uasset" 398
"../../../Engine/Content/EditorMeshes/ColorCalibrator/M_ColorGrid.uasset" 399
"../../../Engine/Content/EditorMeshes/ColorCalibrator/M_GreyBall.uasset" 400
"../../../Engine/Content/EditorMeshes/ColorCalibrator/SM_ColorCalibrator.uasset" 401
"../../../../ToTheMoon/Content/StarterContent/Architecture/SM_AssetPlatform.uasset" 402
"../../../../ToTheMoon/Content/StarterContent/Maps/Advanced_Lighting.umap" 403
"../../../../ToTheMoon/Content/StarterContent/Maps/Minimal_Default_BuiltData.uasset" 404
"../../../../ToTheMoon/Content/StarterContent/Materials/M_Metal_Brushed_Nickel.uasset" 405
"../../../../ToTheMoon/Content/StarterContent/Textures/T_Metal_Aluminum_D.uasset" 406
"../../../../ToTheMoon/Content/StarterContent/Textures/T_Metal_Gold_N.uasset" 407
"../../../../ToTheMoon/Content/StarterContent/Materials/M_Metal_Burnished_Steel.uasset" 408
"../../../../ToTheMoon/Content/StarterContent/Textures/T_Metal_Copper_D.uasset" 409
"../../../../ToTheMoon/Content/StarterContent/Materials/M_Metal_Copper.uasset" 410
"../../../../ToTheMoon/Content/StarterContent/Textures/T_Statue_M.uasset" 411
"../../../../ToTheMoon/Content/StarterContent/Textures/T_Statue_N.uasset" 412
"../../../../ToTheMoon/Content/StarterContent/Props/Materials/M_StatueGlass.uasset" 413
"../../../../ToTheMoon/Content/StarterContent/Architecture/Floor_400x400.uasset" 414
"../../../../ToTheMoon/Content/StarterContent/Audio/Starter_Background_Cue.uasset" 415
"../../../../ToTheMoon/Content/StarterContent/Props/SM_Chair.uasset" 416
"../../../../ToTheMoon/Content/StarterContent/Props/Materials/M_Statue.uasset" 417
"../../../../ToTheMoon/Content/StarterContent/Props/SM_Statue.uasset" 418
"../../../../ToTheMoon/Content/StarterContent/Textures/T_TableRound_M.uasset" 419
"../../../../ToTheMoon/Content/StarterContent/Textures/T_TableRound_N.uasset" 420
"../../../../ToTheMoon/Content/StarterContent/Props/Materials/M_TableRound.uasset" 421
"../../../../ToTheMoon/Content/StarterContent/Props/SM_TableRound.uasset" 422
"../../../../ToTheMoon/Content/StarterContent/Maps/Minimal_Default.umap" 423
"../../../../ToTheMoon/Content/StarterContent/Audio/Fire01_Cue.uasset" 424
"../../../../ToTheMoon/Content/StarterContent/Blueprints/Blueprint_Effect_Fire.uasset" 425
"../../../../ToTheMoon/Content/StarterContent/Audio/Smoke01_Cue.uasset" 426
"../../../../ToTheMoon/Content/StarterContent/Particles/P_Smoke.uasset" 427
"../../../../ToTheMoon/Content/StarterContent/Blueprints/Blueprint_Effect_Smoke.uasset" 428
"../../../../ToTheMoon/Content/StarterContent/Audio/Fire_Sparks01_Cue.uasset" 429
"../../../../ToTheMoon/Content/StarterContent/Textures/T_Spark_Core.uasset" 430
"../../../../ToTheMoon/Content/StarterContent/Particles/Materials/M_Spark.uasset" 431
"../../../../ToTheMoon/Content/StarterContent/Particles/P_Sparks.uasset" 432
"../../../../ToTheMoon/Content/StarterContent/Blueprints/Blueprint_Effect_Sparks.uasset" 433
"../../../../ToTheMoon/Content/StarterContent/Audio/Steam01_Cue.uasset" 434
"../../../../ToTheMoon/Content/StarterContent/Particles/P_Steam_Lit.uasset" 435
"../../../../ToTheMoon/Content/StarterContent/Blueprints/Blueprint_Effect_Steam.uasset" 436
"../../../../ToTheMoon/Content/StarterContent/Textures/T_Lamp_M.uasset" 437
"../../../../ToTheMoon/Content/StarterContent/Textures/T_Lamp_N.uasset" 438
"../../../../ToTheMoon/Content/StarterContent/Props/Materials/M_Lamp.uasset" 439
"../../../../ToTheMoon/Content/StarterContent/Props/SM_Lamp_Ceiling.uasset" 440
"../../../../ToTheMoon/Content/StarterContent/Blueprints/Blueprint_CeilingLight.uasset" 441
"../../../../ToTheMoon/Content/StarterContent/Props/SM_Lamp_Wall.uasset" 442
"../../../../ToTheMoon/Content/StarterContent/Blueprints/Blueprint_WallSconce.uasset" 443
"../../../../ToTheMoon/Content/StarterContent/Maps/StarterMap_BuiltData.uasset" 444
"../../../Engine/Content/Functions/Engine_MaterialFunctions03/Procedurals/ComputeFilterWidth.uasset" 445
"../../../Engine/Content/EngineMaterials/AntiAliasedTextMaterialTranslucent.uasset" 446
"../../../../ToTheMoon/Content/StarterContent/Textures/T_Brick_Clay_Beveled_D.uasset" 447
"../../../../ToTheMoon/Content/StarterContent/Textures/T_Brick_Clay_Beveled_M.uasset" 448
"../../../../ToTheMoon/Content/StarterContent/Textures/T_Brick_Clay_Beveled_N.uasset" 449
"../../../../ToTheMoon/Content/StarterContent/Materials/M_Brick_Clay_Beveled.uasset" 450
"../../../../ToTheMoon/Content/StarterContent/Textures/T_Brick_Clay_New_D.uasset" 451
"../../../../ToTheMoon/Content/StarterContent/Textures/T_Brick_Clay_New_M.uasset" 452
"../../../../ToTheMoon/Content/StarterContent/Textures/T_Brick_Clay_New_N.uasset" 453
"../../../../ToTheMoon/Content/StarterContent/Materials/M_Brick_Clay_New.uasset" 454
"../../../../ToTheMoon/Content/StarterContent/Textures/T_Brick_Clay_Old_D.uasset" 455
"../../../../ToTheMoon/Content/StarterContent/Textures/T_Brick_Clay_Old_N.uasset" 456
"../../../../ToTheMoon/Content/StarterContent/Textures/T_Perlin_Noise_M.uasset" 457
"../../../../ToTheMoon/Content/StarterContent/Materials/M_Brick_Clay_Old.uasset" 458
"../../../../ToTheMoon/Content/StarterContent/Textures/T_Brick_Cut_Stone_D.uasset" 459
"../../../../ToTheMoon/Content/StarterContent/Textures/T_Brick_Cut_Stone_N.uasset" 460
"../../../../ToTheMoon/Content/StarterContent/Materials/M_Brick_Cut_Stone.uasset" 461
"../../../../ToTheMoon/Content/StarterContent/Textures/T_Brick_Hewn_Stone_D.uasset" 462
"../../../../ToTheMoon/Content/StarterContent/Textures/T_Brick_Hewn_Stone_M.uasset" 463
"../../../../ToTheMoon/Content/StarterContent/Textures/T_Brick_Hewn_Stone_N.uasset" 464
"../../../../ToTheMoon/Content/StarterContent/Materials/M_Brick_Hewn_Stone.uasset" 465
"../../../../ToTheMoon/Content/StarterContent/Textures/T_Ceramic_Tile_M.uasset" 466
"../../../../ToTheMoon/Content/StarterContent/Textures/T_Ceramic_Tile_N.uasset" 467
"../../../../ToTheMoon/Content/StarterContent/Textures/T_Rock_Marble_Polished_D.uasset" 468
"../../../../ToTheMoon/Content/StarterContent/Materials/M_Ceramic_Tile_Checker.uasset" 469
"../../../../ToTheMoon/Content/StarterContent/Textures/T_CobbleStone_Pebble_D.uasset" 470
"../../../../ToTheMoon/Content/StarterContent/Textures/T_CobbleStone_Pebble_M.uasset" 471
"../../../../ToTheMoon/Content/StarterContent/Textures/T_CobbleStone_Pebble_N.uasset" 472
"../../../../ToTheMoon/Content/StarterContent/Materials/M_CobbleStone_Pebble.uasset" 473
"../../../../ToTheMoon/Content/StarterContent/Textures/T_CobbleStone_Rough_D.uasset" 474
"../../../../ToTheMoon/Content/StarterContent/Textures/T_CobbleStone_Rough_N.uasset" 475
"../../../../ToTheMoon/Content/StarterContent/Textures/T_Gradinet_01.uasset" 476
"../../../../ToTheMoon/Content/StarterContent/Textures/T_Rock_Smooth_Granite_D.uasset" 477
"../../../../ToTheMoon/Content/StarterContent/Materials/M_CobbleStone_Rough.uasset" 478
"../../../../ToTheMoon/Content/StarterContent/Textures/T_CobbleStone_Smooth_D.uasset" 479
"../../../../ToTheMoon/Content/StarterContent/Textures/T_CobbleStone_Smooth_M.uasset" 480
"../../../../ToTheMoon/Content/StarterContent/Textures/T_CobbleStone_Smooth_N.uasset" 481
"../../../../ToTheMoon/Content/StarterContent/Materials/M_CobbleStone_Smooth.uasset" 482
"../../../../ToTheMoon/Content/StarterContent/Textures/T_Concrete_Grime_D.uasset" 483
"../../../../ToTheMoon/Content/StarterContent/Materials/M_Concrete_Grime.uasset" 484
"../../../../ToTheMoon/Content/StarterContent/Textures/T_Concrete_Panels_D.uasset" 485
"../../../../ToTheMoon/Content/StarterContent/Textures/T_Concrete_Panels_N.uasset" 486
"../../../../ToTheMoon/Content/StarterContent/Materials/M_Concrete_Panels.uasset" 487
"../../../../ToTheMoon/Content/StarterContent/Textures/T_Concrete_Poured_D.uasset" 488
"../../../../ToTheMoon/Content/StarterContent/Textures/T_Concrete_Poured_N.uasset" 489
"../../../../ToTheMoon/Content/StarterContent/Materials/M_Concrete_Poured.uasset" 490
"../../../../ToTheMoon/Content/StarterContent/Textures/T_Concrete_Tiles_D.uasset" 491
"../../../../ToTheMoon/Content/StarterContent/Textures/T_Concrete_Tiles_M.uasset" 492
"../../../../ToTheMoon/Content/StarterContent/Textures/T_Concrete_Tiles_N.uasset" 493
"../../../../ToTheMoon/Content/StarterContent/Textures/T_Concrete_Tiles_Variation_M.uasset" 494
"../../../../ToTheMoon/Content/StarterContent/Materials/M_Concrete_Tiles.uasset" 495
"../../../../ToTheMoon/Content/StarterContent/Textures/T_Ground_Grass_D.uasset" 496
"../../../../ToTheMoon/Content/StarterContent/Textures/T_Ground_Grass_N.uasset" 497
"../../../../ToTheMoon/Content/StarterContent/Materials/M_Ground_Grass.uasset" 498
"../../../../ToTheMoon/Content/StarterContent/Textures/T_Ground_Gravel_D.uasset" 499
"../../../../ToTheMoon/Content/StarterContent/Textures/T_Ground_Gravel_N.uasset" 500
"../../../../ToTheMoon/Content/StarterContent/Materials/M_Ground_Gravel.uasset" 501
"../../../../ToTheMoon/Content/StarterContent/Textures/T_ground_Moss_D.uasset" 502
"../../../../ToTheMoon/Content/StarterContent/Textures/T_Ground_Moss_N.uasset" 503
"../../../../ToTheMoon/Content/StarterContent/Materials/M_Ground_Moss.uasset" 504
"../../../../ToTheMoon/Content/StarterContent/Materials/M_Metal_Chrome.uasset" 505
"../../../../ToTheMoon/Content/StarterContent/Textures/T_Metal_Gold_D.uasset" 506
"../../../../ToTheMoon/Content/StarterContent/Materials/M_Metal_Gold.uasset" 507
"../../../../ToTheMoon/Content/StarterContent/Textures/T_Rock_Basalt_N.uasset" 508
"../../../../ToTheMoon/Content/StarterContent/Materials/M_Rock_Basalt.uasset" 509
"../../../../ToTheMoon/Content/StarterContent/Materials/M_Rock_Marble_Polished.uasset" 510
"../../../../ToTheMoon/Content/StarterContent/Textures/T_Rock_Sandstone_D.uasset" 511
"../../../../ToTheMoon/Content/StarterContent/Textures/T_Rock_Sandstone_N.uasset" 512
"../../../../ToTheMoon/Content/StarterContent/Materials/M_Rock_Sandstone.uasset" 513
"../../../../ToTheMoon/Content/StarterContent/Textures/T_Rock_Slate_D.uasset" 514
"../../../../ToTheMoon/Content/StarterContent/Textures/T_Rock_Slate_N.uasset" 515
"../../../../ToTheMoon/Content/StarterContent/Materials/M_Rock_Slate.uasset" 516
"../../../../ToTheMoon/Content/StarterContent/Textures/T_Checker_Noise_M.uasset" 517
"../../../../ToTheMoon/Content/StarterContent/Textures/T_Single_Tile_N.uasset" 518
"../../../../ToTheMoon/Content/StarterContent/Textures/T_Tech_Dot_M.uasset" 519
"../../../../ToTheMoon/Content/StarterContent/Textures/T_Tech_Dot_N.uasset" 520
"../../../../ToTheMoon/Content/StarterContent/Materials/M_Tech_Checker_Dot.uasset" 521
"../../../../ToTheMoon/Content/StarterContent/Textures/T_Tech_Hex_Tile_M.uasset" 522
"../../../../ToTheMoon/Content/StarterContent/Textures/T_Tech_Hex_Tile_N.uasset" 523
"../../../../ToTheMoon/Content/StarterContent/Materials/M_Tech_Hex_Tile.uasset" 524
"../../../../ToTheMoon/Content/StarterContent/Materials/M_Tech_Hex_Tile_Pulse.uasset" 525
"../../../../ToTheMoon/Content/StarterContent/Textures/T_Tech_Panel_M.uasset" 526
"../../../../ToTheMoon/Content/StarterContent/Textures/T_Tech_Panel_N.uasset" 527
"../../../../ToTheMoon/Content/StarterContent/Materials/M_Tech_Panel.uasset" 528
"../../../../ToTheMoon/Content/StarterContent/Materials/M_Water_Lake.uasset" 529
"../../../../ToTheMoon/Content/StarterContent/Textures/T_Water_M.uasset" 530
"../../../../ToTheMoon/Content/StarterContent/Materials/M_Water_Ocean.uasset" 531
"../../../../ToTheMoon/Content/StarterContent/Textures/T_Wood_Floor_Walnut_D.uasset" 532
"../../../../ToTheMoon/Content/StarterContent/Textures/T_Wood_Floor_Walnut_M.uasset" 533
"../../../../ToTheMoon/Content/StarterContent/Textures/T_Wood_Floor_Walnut_N.uasset" 534
"../../../../ToTheMoon/Content/StarterContent/Materials/M_Wood_Floor_Walnut_Polished.uasset" 535
"../../../Engine/Content/Functions/Engine_MaterialFunctions01/Opacity/AlphaOffset.uasset" 536
"../../../../ToTheMoon/Content/StarterContent/Materials/M_Wood_Floor_Walnut_Worn.uasset" 537
"../../../../ToTheMoon/Content/StarterContent/Textures/T_Wood_Oak_D.uasset" 538
"../../../../ToTheMoon/Content/StarterContent/Textures/T_Wood_Oak_N.uasset" 539
"../../../../ToTheMoon/Content/StarterContent/Materials/M_Wood_Oak.uasset" 540
"../../../../ToTheMoon/Content/StarterContent/Textures/T_Wood_Pine_D.uasset" 541
"../../../../ToTheMoon/Content/StarterContent/Textures/T_Wood_Pine_N.uasset" 542
"../../../../ToTheMoon/Content/StarterContent/Materials/M_Wood_Pine.uasset" 543
"../../../../ToTheMoon/Content/StarterContent/Textures/T_Wood_Walnut_D.uasset" 544
"../../../../ToTheMoon/Content/StarterContent/Textures/T_Wood_Walnut_N.uasset" 545
"../../../../ToTheMoon/Content/StarterContent/Materials/M_Wood_Walnut.uasset" 546
"../../../../ToTheMoon/Content/StarterContent/Architecture/Wall_400x200.uasset" 547
"../../../../ToTheMoon/Content/StarterContent/Architecture/Wall_Door_400x300.uasset" 548
"../../../../ToTheMoon/Content/StarterContent/Architecture/Wall_Window_400x300.uasset" 549
"../../../../ToTheMoon/Content/StarterContent/Audio/Collapse_Cue.uasset" 550
"../../../../ToTheMoon/Content/StarterContent/Audio/Starter_Music_Cue.uasset" 551
"../../../../ToTheMoon/Content/StarterContent/Textures/T_Dust_Particle_D.uasset" 552
"../../../../ToTheMoon/Content/StarterContent/Particles/Materials/M_Dust_Particle.uasset" 553
"../../../../ToTheMoon/Content/StarterContent/Particles/P_Ambient_Dust.uasset" 554
"../../../../ToTheMoon/Content/StarterContent/Props/MaterialSphere.uasset" 555
"../../../../ToTheMoon/Content/StarterContent/Textures/T_Frame_M.uasset" 556
"../../../../ToTheMoon/Content/StarterContent/Textures/T_Frame_N.uasset" 557
"../../../../ToTheMoon/Content/StarterContent/Props/Materials/M_Frame.uasset" 558
"../../../../ToTheMoon/Content/StarterContent/Props/SM_CornerFrame.uasset" 559
"../../../../ToTheMoon/Content/StarterContent/Props/SM_DoorFrame.uasset" 560
"../../../../ToTheMoon/Content/StarterContent/Props/SM_GlassWindow.uasset" 561
"../../../../ToTheMoon/Content/StarterContent/Props/SM_PillarFrame.uasset" 562
"../../../../ToTheMoon/Content/StarterContent/Props/SM_PillarFrame300.uasset" 563
"../../../../ToTheMoon/Content/StarterContent/Props/SM_WindowFrame.uasset" 564
"../../../../ToTheMoon/Content/StarterContent/Shapes/Shape_Cube.uasset" 565
"../../../../ToTheMoon/Content/StarterContent/Shapes/Shape_QuadPyramid.uasset" 566
"../../../../ToTheMoon/Content/StarterContent/Maps/StarterMap.umap" 567
"../../../Engine/Content/Maps/Entry_BuiltData.uasset" 568
"../../../Engine/Content/Maps/Entry.umap" 569
