Log file open, 11/19/20 16:21:00
LogInit: Display: Running engine for game: ToTheMoon
LogPlatformFile: Not using cached read wrapper
LogTaskGraph: Started task graph with 5 named threads and 11 total threads with 3 sets of task threads.
LogStats: Stats thread started at 0.440685
LogD3D11RHI: Loaded GFSDK_Aftermath_Lib.x64.dll
LogICUInternationalization: ICU TimeZone Detection - Raw Offset: -5:00, Platform Override: ''
LogPluginManager: Mounting plugin Paper2D
LogPluginManager: Mounting plugin AISupport
LogPluginManager: Mounting plugin LightPropagationVolume
LogPluginManager: Mounting plugin CameraShakePreviewer
LogPluginManager: Mounting plugin ActorLayerUtilities
LogPluginManager: Mounting plugin AnimationSharing
LogPluginManager: Mounting plugin CLionSourceCodeAccess
LogPluginManager: Mounting plugin CodeLiteSourceCodeAccess
LogPluginManager: Mounting plugin GitSourceControl
LogPluginManager: Mounting plugin KDevelopSourceCodeAccess
LogPluginManager: Mounting plugin NullSourceCodeAccess
LogPluginManager: Mounting plugin PerforceSourceControl
LogPluginManager: Mounting plugin PlasticSourceControl
LogPluginManager: Mounting plugin RiderSourceCodeAccess
LogPluginManager: Mounting plugin SubversionSourceControl
LogPluginManager: Mounting plugin UObjectPlugin
LogPluginManager: Mounting plugin VisualStudioCodeSourceCodeAccess
LogPluginManager: Mounting plugin VisualStudioSourceCodeAccess
LogPluginManager: Mounting plugin XCodeSourceCodeAccess
LogPluginManager: Mounting plugin AssetManagerEditor
LogPluginManager: Mounting plugin CryptoKeys
LogPluginManager: Mounting plugin CurveEditorTools
LogPluginManager: Mounting plugin DataValidation
LogPluginManager: Mounting plugin EditorScriptingUtilities
LogPluginManager: Mounting plugin FacialAnimation
LogPluginManager: Mounting plugin GameplayTagsEditor
LogPluginManager: Mounting plugin GeometryMode
LogPluginManager: Mounting plugin MacGraphicsSwitching
LogPluginManager: Mounting plugin MaterialAnalyzer
LogPluginManager: Mounting plugin MobileLauncherProfileWizard
LogPluginManager: Mounting plugin PluginBrowser
LogPluginManager: Mounting plugin SpeedTreeImporter
LogPluginManager: Mounting plugin DatasmithContent
LogPluginManager: Mounting plugin VariantManagerContent
LogPluginManager: Mounting plugin AlembicImporter
LogPluginManager: Mounting plugin AutomationUtils
LogPluginManager: Mounting plugin BackChannel
LogPluginManager: Mounting plugin ChaosCloth
LogPluginManager: Mounting plugin ChaosClothEditor
LogPluginManager: Mounting plugin ChaosEditor
LogPluginManager: Mounting plugin ChaosNiagara
LogPluginManager: Mounting plugin ChaosSolverPlugin
LogPluginManager: Mounting plugin CharacterAI
LogPluginManager: Mounting plugin GeometryCache
LogPluginManager: Mounting plugin GeometryCollectionPlugin
LogPluginManager: Mounting plugin GeometryProcessing
LogPluginManager: Mounting plugin PlanarCut
LogPluginManager: Mounting plugin PlatformCrypto
LogPluginManager: Mounting plugin ProxyLODPlugin
LogPluginManager: Mounting plugin SkeletalReduction
LogPluginManager: Mounting plugin Niagara
LogPluginManager: Mounting plugin MagicLeap
LogPluginManager: Mounting plugin MagicLeapLightEstimation
LogPluginManager: Mounting plugin MagicLeapMedia
LogPluginManager: Mounting plugin MagicLeapPassableWorld
LogPluginManager: Mounting plugin MLSDK
LogPluginManager: Mounting plugin AndroidMedia
LogPluginManager: Mounting plugin AvfMedia
LogPluginManager: Mounting plugin ImgMedia
LogPluginManager: Mounting plugin MediaCompositing
LogPluginManager: Mounting plugin MediaPlayerEditor
LogPluginManager: Mounting plugin WebMMedia
LogPluginManager: Mounting plugin WmfMedia
LogPluginManager: Mounting plugin MeshPainting
LogPluginManager: Mounting plugin TcpMessaging
LogPluginManager: Mounting plugin UdpMessaging
LogPluginManager: Mounting plugin ActorSequence
LogPluginManager: Mounting plugin LevelSequenceEditor
LogPluginManager: Mounting plugin MatineeToLevelSequence
LogPluginManager: Mounting plugin MovieRenderPipeline
LogPluginManager: Mounting plugin TemplateSequence
LogPluginManager: Mounting plugin NetcodeUnitTest
LogPluginManager: Mounting plugin NUTUnrealEngine4
LogPluginManager: Mounting plugin OnlineSubsystemGooglePlay
LogPluginManager: Mounting plugin OnlineSubsystemIOS
LogPluginManager: Mounting plugin OnlineSubsystem
LogPluginManager: Mounting plugin OnlineSubsystemNull
LogPluginManager: Mounting plugin OnlineSubsystemUtils
LogPluginManager: Mounting plugin LauncherChunkInstaller
LogPluginManager: Mounting plugin AndroidDeviceProfileSelector
LogPluginManager: Mounting plugin AndroidMoviePlayer
LogPluginManager: Mounting plugin AndroidPermission
LogPluginManager: Mounting plugin AppleImageUtils
LogPluginManager: Mounting plugin AppleMoviePlayer
LogPluginManager: Mounting plugin ArchVisCharacter
LogPluginManager: Mounting plugin AssetTags
LogPluginManager: Mounting plugin AudioCapture
LogPluginManager: Mounting plugin CableComponent
LogPluginManager: Mounting plugin CustomMeshComponent
LogPluginManager: Mounting plugin EditableMesh
LogPluginManager: Mounting plugin ExampleDeviceProfileSelector
LogPluginManager: Mounting plugin GoogleCloudMessaging
LogPluginManager: Mounting plugin GooglePAD
LogPluginManager: Mounting plugin IOSDeviceProfileSelector
LogPluginManager: Mounting plugin LinuxDeviceProfileSelector
LogPluginManager: Mounting plugin LocationServicesBPLibrary
LogPluginManager: Mounting plugin MobilePatchingUtils
LogPluginManager: Mounting plugin OculusVR
LogPluginManager: Mounting plugin PhysXVehicles
LogPluginManager: Mounting plugin PostSplashScreen
LogPluginManager: Mounting plugin ProceduralMeshComponent
LogPluginManager: Mounting plugin RuntimePhysXCooking
LogPluginManager: Mounting plugin SignificanceManager
LogPluginManager: Mounting plugin SoundFields
LogPluginManager: Mounting plugin SteamVR
LogPluginManager: Mounting plugin Synthesis
LogPluginManager: Mounting plugin WebMMoviePlayer
LogPluginManager: Mounting plugin WindowsMoviePlayer
LogPluginManager: Mounting plugin ScreenshotTools
LogInit: Using libcurl 7.55.1-DEV
LogInit:  - built for x86_64-pc-win32
LogInit:  - supports SSL with OpenSSL/1.1.1
LogInit:  - supports HTTP deflate (compression) using libz 1.2.8
LogInit:  - other features:
LogInit:      CURL_VERSION_SSL
LogInit:      CURL_VERSION_LIBZ
LogInit:      CURL_VERSION_IPV6
LogInit:      CURL_VERSION_ASYNCHDNS
LogInit:      CURL_VERSION_LARGEFILE
LogInit:      CURL_VERSION_IDN
LogInit:  CurlRequestOptions (configurable via config and command line):
LogInit:  - bVerifyPeer = true  - Libcurl will verify peer certificate
LogInit:  - bUseHttpProxy = false  - Libcurl will NOT use HTTP proxy
LogInit:  - bDontReuseConnections = false  - Libcurl will reuse connections
LogInit:  - MaxHostConnections = 16  - Libcurl will limit the number of connections to a host
LogInit:  - LocalHostAddr = Default
LogInit:  - BufferSize = 65536
LogOnline: OSS: Creating online subsystem instance for: NULL
LogInit: WinSock: version 1.1 (2.2), MaxSocks=32767, MaxUdp=65467
LogOnline: OSS: TryLoadSubsystemAndSetDefault: Loaded subsystem for module [NULL]
LogInit: Build: ++UE4+Release-4.25-CL-13942748
LogInit: Engine Version: 4.25.3-13942748+++UE4+Release-4.25
LogInit: Compatible Engine Version: 4.25.0-13144385+++UE4+Release-4.25
LogInit: Net CL: 13144385
LogInit: OS: Windows 10 (Release 1903) (), CPU: Intel(R) Core(TM) i7-4510U CPU @ 2.00GHz, GPU: Intel(R) HD Graphics Family
LogInit: Compiled (64-bit): Jul 25 2020 02:07:48
LogInit: Compiled with Visual C++: 19.24.28315.00
LogInit: Build Configuration: Development
LogInit: Branch Name: ++UE4+Release-4.25
LogInit: Command Line: 
LogInit: Base Directory: D:/UE_4.25/Engine/Binaries/Win64/
LogInit: Allocator: TBB
LogInit: Installed Engine Build: 1
LogDevObjectVersion: Number of dev versions registered: 26
LogDevObjectVersion:   Dev-Blueprints (B0D832E4-1F89-4F0D-ACCF-7EB736FD4AA2): 10
LogDevObjectVersion:   Dev-Build (E1C64328-A22C-4D53-A36C-8E866417BD8C): 0
LogDevObjectVersion:   Dev-Core (375EC13C-06E4-48FB-B500-84F0262A717E): 4
LogDevObjectVersion:   Dev-Editor (E4B068ED-F494-42E9-A231-DA0B2E46BB41): 38
LogDevObjectVersion:   Dev-Framework (CFFC743F-43B0-4480-9391-14DF171D2073): 37
LogDevObjectVersion:   Dev-Mobile (B02B49B5-BB20-44E9-A304-32B752E40360): 2
LogDevObjectVersion:   Dev-Networking (A4E4105C-59A1-49B5-A7C5-40C4547EDFEE): 0
LogDevObjectVersion:   Dev-Online (39C831C9-5AE6-47DC-9A44-9C173E1C8E7C): 0
LogDevObjectVersion:   Dev-Physics (78F01B33-EBEA-4F98-B9B4-84EACCB95AA2): 4
LogDevObjectVersion:   Dev-Platform (6631380F-2D4D-43E0-8009-CF276956A95A): 0
LogDevObjectVersion:   Dev-Rendering (12F88B9F-8875-4AFC-A67C-D90C383ABD29): 43
LogDevObjectVersion:   Dev-Sequencer (7B5AE74C-D270-4C10-A958-57980B212A5A): 12
LogDevObjectVersion:   Dev-VR (D7296918-1DD6-4BDD-9DE2-64A83CC13884): 3
LogDevObjectVersion:   Dev-LoadTimes (C2A15278-BFE7-4AFE-6C17-90FF531DF755): 1
LogDevObjectVersion:   Private-Geometry (6EACA3D4-40EC-4CC1-B786-8BED09428FC5): 3
LogDevObjectVersion:   Dev-AnimPhys (29E575DD-E0A3-4627-9D10-D276232CDCEA): 17
LogDevObjectVersion:   Dev-Anim (AF43A65D-7FD3-4947-9873-3E8ED9C1BB05): 7
LogDevObjectVersion:   Dev-ReflectionCapture (6B266CEC-1EC7-4B8F-A30B-E4D90942FC07): 1
LogDevObjectVersion:   Dev-Automation (0DF73D61-A23F-47EA-B727-89E90C41499A): 1
LogDevObjectVersion:   FortniteMain (601D1886-AC64-4F84-AA16-D3DE0DEAC7D6): 31
LogDevObjectVersion:   Dev-Enterprise (9DFFBCD6-494F-0158-E221-12823C92A888): 10
LogDevObjectVersion:   Dev-Niagara (F2AED0AC-9AFE-416F-8664-AA7FFA26D6FC): 1
LogDevObjectVersion:   Dev-Destruction (174F1F0B-B4C6-45A5-B13F-2EE8D0FB917D): 10
LogDevObjectVersion:   Dev-Physics-Ext (35F94A83-E258-406C-A318-09F59610247C): 37
LogDevObjectVersion:   Dev-PhysicsMaterial-Chaos (B68FC16E-8B1B-42E2-B453-215C058844FE): 1
LogDevObjectVersion:   Dev-CineCamera (B2E18506-4273-CFC2-A54E-F4BB758BBA07): 1
LogInit: Presizing for max 25165824 objects, including 0 objects not considered by GC, pre-allocating 0 bytes for permanent pool.
LogConfig: Applying CVar settings from Section [/Script/Engine.StreamingSettings] File [D:/ToTheMoon/Saved/Config/Windows/Engine.ini]
LogConfig: Setting CVar [[s.MinBulkDataSizeForAsyncLoading:131072]]
LogConfig: Setting CVar [[s.AsyncLoadingThreadEnabled:0]]
LogConfig: Setting CVar [[s.EventDrivenLoaderEnabled:1]]
LogConfig: Setting CVar [[s.WarnIfTimeLimitExceeded:0]]
LogConfig: Setting CVar [[s.TimeLimitExceededMultiplier:1.5]]
LogConfig: Setting CVar [[s.TimeLimitExceededMinTime:0.005]]
LogConfig: Setting CVar [[s.UseBackgroundLevelStreaming:1]]
LogConfig: Setting CVar [[s.PriorityAsyncLoadingExtraTime:15.0]]
LogConfig: Setting CVar [[s.LevelStreamingActorsUpdateTimeLimit:5.0]]
LogConfig: Setting CVar [[s.PriorityLevelStreamingActorsUpdateExtraTime:5.0]]
LogConfig: Setting CVar [[s.LevelStreamingComponentsRegistrationGranularity:10]]
LogConfig: Setting CVar [[s.UnregisterComponentsTimeLimit:1.0]]
LogConfig: Setting CVar [[s.LevelStreamingComponentsUnregistrationGranularity:5]]
LogConfig: Setting CVar [[s.FlushStreamingOnExit:1]]
LogInit: Object subsystem initialized
LogConfig: Setting CVar [[con.DebugEarlyDefault:1]]
LogConfig: Setting CVar [[r.setres:1280x720]]
[2020.11.19-21.21.01:492][  0]LogConfig: Setting CVar [[r.VSync:0]]
[2020.11.19-21.21.01:492][  0]LogConfig: Setting CVar [[r.RHICmdBypass:0]]
[2020.11.19-21.21.01:492][  0]LogConfig: Applying CVar settings from Section [/Script/Engine.RendererSettings] File [D:/ToTheMoon/Saved/Config/Windows/Engine.ini]
[2020.11.19-21.21.01:492][  0]LogConfig: Setting CVar [[r.GPUCrashDebugging:0]]
[2020.11.19-21.21.01:492][  0]LogConfig: Setting CVar [[r.SkinCache.CompileShaders:1]]
[2020.11.19-21.21.01:492][  0]LogConfig: Setting CVar [[r.RayTracing:1]]
[2020.11.19-21.21.01:492][  0]LogConfig: Applying CVar settings from Section [/Script/Engine.RendererOverrideSettings] File [D:/ToTheMoon/Saved/Config/Windows/Engine.ini]
[2020.11.19-21.21.01:492][  0]LogConfig: Applying CVar settings from Section [/Script/Engine.StreamingSettings] File [D:/ToTheMoon/Saved/Config/Windows/Engine.ini]
[2020.11.19-21.21.01:492][  0]LogConfig: Setting CVar [[s.MinBulkDataSizeForAsyncLoading:131072]]
[2020.11.19-21.21.01:492][  0]LogConfig: Setting CVar [[s.AsyncLoadingThreadEnabled:0]]
[2020.11.19-21.21.01:492][  0]LogConfig: Setting CVar [[s.EventDrivenLoaderEnabled:1]]
[2020.11.19-21.21.01:492][  0]LogConfig: Setting CVar [[s.WarnIfTimeLimitExceeded:0]]
[2020.11.19-21.21.01:493][  0]LogConfig: Setting CVar [[s.TimeLimitExceededMultiplier:1.5]]
[2020.11.19-21.21.01:493][  0]LogConfig: Setting CVar [[s.TimeLimitExceededMinTime:0.005]]
[2020.11.19-21.21.01:493][  0]LogConfig: Setting CVar [[s.UseBackgroundLevelStreaming:1]]
[2020.11.19-21.21.01:493][  0]LogConfig: Setting CVar [[s.PriorityAsyncLoadingExtraTime:15.0]]
[2020.11.19-21.21.01:493][  0]LogConfig: Setting CVar [[s.LevelStreamingActorsUpdateTimeLimit:5.0]]
[2020.11.19-21.21.01:493][  0]LogConfig: Setting CVar [[s.PriorityLevelStreamingActorsUpdateExtraTime:5.0]]
[2020.11.19-21.21.01:493][  0]LogConfig: Setting CVar [[s.LevelStreamingComponentsRegistrationGranularity:10]]
[2020.11.19-21.21.01:493][  0]LogConfig: Setting CVar [[s.UnregisterComponentsTimeLimit:1.0]]
[2020.11.19-21.21.01:493][  0]LogConfig: Setting CVar [[s.LevelStreamingComponentsUnregistrationGranularity:5]]
[2020.11.19-21.21.01:493][  0]LogConfig: Setting CVar [[s.FlushStreamingOnExit:1]]
[2020.11.19-21.21.01:493][  0]LogConfig: Applying CVar settings from Section [/Script/Engine.GarbageCollectionSettings] File [D:/ToTheMoon/Saved/Config/Windows/Engine.ini]
[2020.11.19-21.21.01:493][  0]LogConfig: Setting CVar [[gc.MaxObjectsNotConsideredByGC:1]]
[2020.11.19-21.21.01:493][  0]LogConfig: Setting CVar [[gc.SizeOfPermanentObjectPool:0]]
[2020.11.19-21.21.01:493][  0]LogConfig: Setting CVar [[gc.FlushStreamingOnGC:0]]
[2020.11.19-21.21.01:493][  0]LogConfig: Setting CVar [[gc.NumRetriesBeforeForcingGC:10]]
[2020.11.19-21.21.01:493][  0]LogConfig: Setting CVar [[gc.AllowParallelGC:1]]
[2020.11.19-21.21.01:493][  0]LogConfig: Setting CVar [[gc.TimeBetweenPurgingPendingKillObjects:61.1]]
[2020.11.19-21.21.01:493][  0]LogConfig: Setting CVar [[gc.MaxObjectsInEditor:25165824]]
[2020.11.19-21.21.01:493][  0]LogConfig: Setting CVar [[gc.IncrementalBeginDestroyEnabled:1]]
[2020.11.19-21.21.01:493][  0]LogConfig: Setting CVar [[gc.CreateGCClusters:1]]
[2020.11.19-21.21.01:493][  0]LogConfig: Setting CVar [[gc.MinGCClusterSize:5]]
[2020.11.19-21.21.01:493][  0]LogConfig: Setting CVar [[gc.ActorClusteringEnabled:0]]
[2020.11.19-21.21.01:493][  0]LogConfig: Setting CVar [[gc.BlueprintClusteringEnabled:0]]
[2020.11.19-21.21.01:493][  0]LogConfig: Setting CVar [[gc.UseDisregardForGCOnDedicatedServers:0]]
[2020.11.19-21.21.01:493][  0]LogConfig: Applying CVar settings from Section [/Script/Engine.NetworkSettings] File [D:/ToTheMoon/Saved/Config/Windows/Engine.ini]
[2020.11.19-21.21.01:493][  0]LogConfig: Applying CVar settings from Section [/Script/UnrealEd.CookerSettings] File [D:/ToTheMoon/Saved/Config/Windows/Engine.ini]
[2020.11.19-21.21.01:498][  0]LogConfig: Applying CVar settings from Section [ViewDistanceQuality@3] File [D:/ToTheMoon/Saved/Config/Windows/Scalability.ini]
[2020.11.19-21.21.01:498][  0]LogConfig: Setting CVar [[r.SkeletalMeshLODBias:0]]
[2020.11.19-21.21.01:498][  0]LogConfig: Setting CVar [[r.ViewDistanceScale:1.0]]
[2020.11.19-21.21.01:498][  0]LogConfig: Applying CVar settings from Section [AntiAliasingQuality@3] File [D:/ToTheMoon/Saved/Config/Windows/Scalability.ini]
[2020.11.19-21.21.01:498][  0]LogConfig: Setting CVar [[r.PostProcessAAQuality:4]]
[2020.11.19-21.21.01:498][  0]LogConfig: Applying CVar settings from Section [ShadowQuality@3] File [D:/ToTheMoon/Saved/Config/Windows/Scalability.ini]
[2020.11.19-21.21.01:498][  0]LogConfig: Setting CVar [[r.LightFunctionQuality:1]]
[2020.11.19-21.21.01:498][  0]LogConfig: Setting CVar [[r.ShadowQuality:5]]
[2020.11.19-21.21.01:498][  0]LogConfig: Setting CVar [[r.Shadow.CSM.MaxCascades:10]]
[2020.11.19-21.21.01:498][  0]LogConfig: Setting CVar [[r.Shadow.MaxResolution:2048]]
[2020.11.19-21.21.01:498][  0]LogConfig: Setting CVar [[r.Shadow.MaxCSMResolution:2048]]
[2020.11.19-21.21.01:498][  0]LogConfig: Setting CVar [[r.Shadow.RadiusThreshold:0.01]]
[2020.11.19-21.21.01:498][  0]LogConfig: Setting CVar [[r.Shadow.DistanceScale:1.0]]
[2020.11.19-21.21.01:498][  0]LogConfig: Setting CVar [[r.Shadow.CSM.TransitionScale:1.0]]
[2020.11.19-21.21.01:498][  0]LogConfig: Setting CVar [[r.Shadow.PreShadowResolutionFactor:1.0]]
[2020.11.19-21.21.01:498][  0]LogConfig: Setting CVar [[r.DistanceFieldShadowing:1]]
[2020.11.19-21.21.01:498][  0]LogConfig: Setting CVar [[r.DistanceFieldAO:1]]
[2020.11.19-21.21.01:498][  0]LogConfig: Setting CVar [[r.AOQuality:2]]
[2020.11.19-21.21.01:498][  0]LogConfig: Setting CVar [[r.VolumetricFog:1]]
[2020.11.19-21.21.01:498][  0]LogConfig: Setting CVar [[r.VolumetricFog.GridPixelSize:8]]
[2020.11.19-21.21.01:498][  0]LogConfig: Setting CVar [[r.VolumetricFog.GridSizeZ:128]]
[2020.11.19-21.21.01:498][  0]LogConfig: Setting CVar [[r.VolumetricFog.HistoryMissSupersampleCount:4]]
[2020.11.19-21.21.01:498][  0]LogConfig: Setting CVar [[r.LightMaxDrawDistanceScale:1]]
[2020.11.19-21.21.01:498][  0]LogConfig: Setting CVar [[r.CapsuleShadows:1]]
[2020.11.19-21.21.01:499][  0]LogConfig: Applying CVar settings from Section [PostProcessQuality@3] File [D:/ToTheMoon/Saved/Config/Windows/Scalability.ini]
[2020.11.19-21.21.01:499][  0]LogConfig: Setting CVar [[r.MotionBlurQuality:4]]
[2020.11.19-21.21.01:499][  0]LogConfig: Setting CVar [[r.AmbientOcclusionMipLevelFactor:0.4]]
[2020.11.19-21.21.01:499][  0]LogConfig: Setting CVar [[r.AmbientOcclusionMaxQuality:100]]
[2020.11.19-21.21.01:499][  0]LogConfig: Setting CVar [[r.AmbientOcclusionLevels:-1]]
[2020.11.19-21.21.01:499][  0]LogConfig: Setting CVar [[r.AmbientOcclusionRadiusScale:1.0]]
[2020.11.19-21.21.01:499][  0]LogConfig: Setting CVar [[r.DepthOfFieldQuality:2]]
[2020.11.19-21.21.01:499][  0]LogConfig: Setting CVar [[r.RenderTargetPoolMin:400]]
[2020.11.19-21.21.01:499][  0]LogConfig: Setting CVar [[r.LensFlareQuality:2]]
[2020.11.19-21.21.01:499][  0]LogConfig: Setting CVar [[r.SceneColorFringeQuality:1]]
[2020.11.19-21.21.01:499][  0]LogConfig: Setting CVar [[r.EyeAdaptationQuality:2]]
[2020.11.19-21.21.01:499][  0]LogConfig: Setting CVar [[r.BloomQuality:5]]
[2020.11.19-21.21.01:499][  0]LogConfig: Setting CVar [[r.FastBlurThreshold:100]]
[2020.11.19-21.21.01:499][  0]LogConfig: Setting CVar [[r.Upscale.Quality:3]]
[2020.11.19-21.21.01:499][  0]LogConfig: Setting CVar [[r.Tonemapper.GrainQuantization:1]]
[2020.11.19-21.21.01:499][  0]LogConfig: Setting CVar [[r.LightShaftQuality:1]]
[2020.11.19-21.21.01:499][  0]LogConfig: Setting CVar [[r.Filter.SizeScale:1]]
[2020.11.19-21.21.01:499][  0]LogConfig: Setting CVar [[r.Tonemapper.Quality:5]]
[2020.11.19-21.21.01:499][  0]LogConfig: Setting CVar [[r.DOF.Gather.AccumulatorQuality:1        ; higher gathering accumulator quality]]
[2020.11.19-21.21.01:499][  0]LogConfig: Setting CVar [[r.DOF.Gather.PostfilterMethod:1          ; Median3x3 postfilering method]]
[2020.11.19-21.21.01:499][  0]LogConfig: Setting CVar [[r.DOF.Gather.EnableBokehSettings:0       ; no bokeh simulation when gathering]]
[2020.11.19-21.21.01:499][  0]LogConfig: Setting CVar [[r.DOF.Gather.RingCount:4                 ; medium number of samples when gathering]]
[2020.11.19-21.21.01:499][  0]LogConfig: Setting CVar [[r.DOF.Scatter.ForegroundCompositing:1    ; additive foreground scattering]]
[2020.11.19-21.21.01:500][  0]LogConfig: Setting CVar [[r.DOF.Scatter.BackgroundCompositing:2    ; additive background scattering]]
[2020.11.19-21.21.01:500][  0]LogConfig: Setting CVar [[r.DOF.Scatter.EnableBokehSettings:1      ; bokeh simulation when scattering]]
[2020.11.19-21.21.01:500][  0]LogConfig: Setting CVar [[r.DOF.Scatter.MaxSpriteRatio:0.1         ; only a maximum of 10% of scattered bokeh]]
[2020.11.19-21.21.01:500][  0]LogConfig: Setting CVar [[r.DOF.Recombine.Quality:1                ; cheap slight out of focus]]
[2020.11.19-21.21.01:500][  0]LogConfig: Setting CVar [[r.DOF.Recombine.EnableBokehSettings:0    ; no bokeh simulation on slight out of focus]]
[2020.11.19-21.21.01:500][  0]LogConfig: Setting CVar [[r.DOF.TemporalAAQuality:1                ; more stable temporal accumulation]]
[2020.11.19-21.21.01:500][  0]LogConfig: Setting CVar [[r.DOF.Kernel.MaxForegroundRadius:0.025]]
[2020.11.19-21.21.01:500][  0]LogConfig: Setting CVar [[r.DOF.Kernel.MaxBackgroundRadius:0.025]]
[2020.11.19-21.21.01:500][  0]LogConfig: Applying CVar settings from Section [TextureQuality@3] File [D:/ToTheMoon/Saved/Config/Windows/Scalability.ini]
[2020.11.19-21.21.01:500][  0]LogConfig: Setting CVar [[r.Streaming.MipBias:0]]
[2020.11.19-21.21.01:500][  0]LogConfig: Setting CVar [[r.Streaming.AmortizeCPUToGPUCopy:0]]
[2020.11.19-21.21.01:500][  0]LogConfig: Setting CVar [[r.Streaming.MaxNumTexturesToStreamPerFrame:0]]
[2020.11.19-21.21.01:500][  0]LogConfig: Setting CVar [[r.Streaming.Boost:1]]
[2020.11.19-21.21.01:500][  0]LogConfig: Setting CVar [[r.MaxAnisotropy:8]]
[2020.11.19-21.21.01:500][  0]LogConfig: Setting CVar [[r.VT.MaxAnisotropy:8]]
[2020.11.19-21.21.01:500][  0]LogConfig: Setting CVar [[r.Streaming.LimitPoolSizeToVRAM:0]]
[2020.11.19-21.21.01:500][  0]LogConfig: Setting CVar [[r.Streaming.PoolSize:1000]]
[2020.11.19-21.21.01:500][  0]LogConfig: Setting CVar [[r.Streaming.MaxEffectiveScreenSize:0]]
[2020.11.19-21.21.01:500][  0]LogConfig: Applying CVar settings from Section [EffectsQuality@3] File [D:/ToTheMoon/Saved/Config/Windows/Scalability.ini]
[2020.11.19-21.21.01:500][  0]LogConfig: Setting CVar [[r.TranslucencyLightingVolumeDim:64]]
[2020.11.19-21.21.01:500][  0]LogConfig: Setting CVar [[r.RefractionQuality:2]]
[2020.11.19-21.21.01:500][  0]LogConfig: Setting CVar [[r.SSR.Quality:3]]
[2020.11.19-21.21.01:500][  0]LogConfig: Setting CVar [[r.SSR.HalfResSceneColor:0]]
[2020.11.19-21.21.01:500][  0]LogConfig: Setting CVar [[r.SceneColorFormat:4]]
[2020.11.19-21.21.01:500][  0]LogConfig: Setting CVar [[r.DetailMode:2]]
[2020.11.19-21.21.01:500][  0]LogConfig: Setting CVar [[r.TranslucencyVolumeBlur:1]]
[2020.11.19-21.21.01:500][  0]LogConfig: Setting CVar [[r.MaterialQualityLevel:1 ; High quality]]
[2020.11.19-21.21.01:500][  0]LogConfig: Setting CVar [[r.SSS.Scale:1]]
[2020.11.19-21.21.01:500][  0]LogConfig: Setting CVar [[r.SSS.SampleSet:2]]
[2020.11.19-21.21.01:500][  0]LogConfig: Setting CVar [[r.SSS.Quality:1]]
[2020.11.19-21.21.01:500][  0]LogConfig: Setting CVar [[r.SSS.HalfRes:0]]
[2020.11.19-21.21.01:500][  0]LogConfig: Setting CVar [[r.SSGI.Quality:3]]
[2020.11.19-21.21.01:500][  0]LogConfig: Setting CVar [[r.EmitterSpawnRateScale:1.0]]
[2020.11.19-21.21.01:500][  0]LogConfig: Setting CVar [[r.ParticleLightQuality:2]]
[2020.11.19-21.21.01:501][  0]LogConfig: Setting CVar [[r.SkyAtmosphere.AerialPerspectiveLUT.FastApplyOnOpaque:1 ; Always have FastSkyLUT 1 in this case to avoid wrong sky]]
[2020.11.19-21.21.01:501][  0]LogConfig: Setting CVar [[r.SkyAtmosphere.AerialPerspectiveLUT.SampleCountPerSlice:1]]
[2020.11.19-21.21.01:501][  0]LogConfig: Setting CVar [[r.SkyAtmosphere.AerialPerspectiveLUT.DepthResolution:16.0]]
[2020.11.19-21.21.01:501][  0]LogConfig: Setting CVar [[r.SkyAtmosphere.FastSkyLUT:1]]
[2020.11.19-21.21.01:501][  0]LogConfig: Setting CVar [[r.SkyAtmosphere.FastSkyLUT.SampleCountMin:4.0]]
[2020.11.19-21.21.01:501][  0]LogConfig: Setting CVar [[r.SkyAtmosphere.FastSkyLUT.SampleCountMax:32.0]]
[2020.11.19-21.21.01:501][  0]LogConfig: Setting CVar [[r.SkyAtmosphere.SampleCountMin:4.0]]
[2020.11.19-21.21.01:501][  0]LogConfig: Setting CVar [[r.SkyAtmosphere.SampleCountMax:32.0]]
[2020.11.19-21.21.01:501][  0]LogConfig: Setting CVar [[r.SkyAtmosphere.TransmittanceLUT.UseSmallFormat:0]]
[2020.11.19-21.21.01:501][  0]LogConfig: Setting CVar [[r.SkyAtmosphere.TransmittanceLUT.SampleCount:10.0]]
[2020.11.19-21.21.01:501][  0]LogConfig: Setting CVar [[r.SkyAtmosphere.MultiScatteringLUT.SampleCount:15.0]]
[2020.11.19-21.21.01:501][  0]LogConfig: Applying CVar settings from Section [FoliageQuality@3] File [D:/ToTheMoon/Saved/Config/Windows/Scalability.ini]
[2020.11.19-21.21.01:501][  0]LogConfig: Setting CVar [[foliage.DensityScale:1.0]]
[2020.11.19-21.21.01:501][  0]LogConfig: Setting CVar [[grass.DensityScale:1.0]]
[2020.11.19-21.21.01:501][  0]LogConfig: Applying CVar settings from Section [ShadingQuality@3] File [D:/ToTheMoon/Saved/Config/Windows/Scalability.ini]
[2020.11.19-21.21.01:501][  0]LogConfig: Setting CVar [[r.HairStrands.SkyLighting.SampleCount:16]]
[2020.11.19-21.21.01:501][  0]LogConfig: Setting CVar [[r.HairStrands.SkyLighting.JitterIntegration:0]]
[2020.11.19-21.21.01:501][  0]LogConfig: Setting CVar [[r.HairStrands.SkyAO.SampleCount:16]]
[2020.11.19-21.21.01:501][  0]LogConfig: Setting CVar [[r.HairStrands.DeepShadow.SuperSampling:0]]
[2020.11.19-21.21.01:501][  0]LogConfig: Setting CVar [[r.HairStrands.VisibilityPPLL:0]]
[2020.11.19-21.21.01:501][  0]LogConfig: Setting CVar [[r.HairStrands.RasterizationScale:0.5]]
[2020.11.19-21.21.01:501][  0]LogConfig: Setting CVar [[r.HairStrands.VelocityRasterizationScale:1]]
[2020.11.19-21.21.01:501][  0]LogInit: Selected Device Profile: [Windows]
[2020.11.19-21.21.01:501][  0]LogInit: Applying CVar settings loaded from the selected device profile: [Windows]
[2020.11.19-21.21.01:501][  0]LogHAL: Display: Platform has ~ 8 GB [8495403008 / 8589934592 / 8], which maps to Default [LargestMinGB=32, LargerMinGB=12, DefaultMinGB=8, SmallerMinGB=6, SmallestMinGB=0)
[2020.11.19-21.21.01:501][  0]LogInit: Going up to parent DeviceProfile []
[2020.11.19-21.21.01:501][  0]LogConfig: Applying CVar settings from Section [ViewDistanceQuality@3] File [D:/ToTheMoon/Saved/Config/Windows/Scalability.ini]
[2020.11.19-21.21.01:501][  0]LogConfig: Setting CVar [[r.SkeletalMeshLODBias:0]]
[2020.11.19-21.21.01:502][  0]LogConfig: Setting CVar [[r.ViewDistanceScale:1.0]]
[2020.11.19-21.21.01:502][  0]LogConfig: Applying CVar settings from Section [AntiAliasingQuality@3] File [D:/ToTheMoon/Saved/Config/Windows/Scalability.ini]
[2020.11.19-21.21.01:502][  0]LogConfig: Setting CVar [[r.PostProcessAAQuality:4]]
[2020.11.19-21.21.01:502][  0]LogConfig: Applying CVar settings from Section [ShadowQuality@3] File [D:/ToTheMoon/Saved/Config/Windows/Scalability.ini]
[2020.11.19-21.21.01:502][  0]LogConfig: Setting CVar [[r.LightFunctionQuality:1]]
[2020.11.19-21.21.01:502][  0]LogConfig: Setting CVar [[r.ShadowQuality:5]]
[2020.11.19-21.21.01:502][  0]LogConfig: Setting CVar [[r.Shadow.CSM.MaxCascades:10]]
[2020.11.19-21.21.01:502][  0]LogConfig: Setting CVar [[r.Shadow.MaxResolution:2048]]
[2020.11.19-21.21.01:502][  0]LogConfig: Setting CVar [[r.Shadow.MaxCSMResolution:2048]]
[2020.11.19-21.21.01:502][  0]LogConfig: Setting CVar [[r.Shadow.RadiusThreshold:0.01]]
[2020.11.19-21.21.01:502][  0]LogConfig: Setting CVar [[r.Shadow.DistanceScale:1.0]]
[2020.11.19-21.21.01:502][  0]LogConfig: Setting CVar [[r.Shadow.CSM.TransitionScale:1.0]]
[2020.11.19-21.21.01:502][  0]LogConfig: Setting CVar [[r.Shadow.PreShadowResolutionFactor:1.0]]
[2020.11.19-21.21.01:502][  0]LogConfig: Setting CVar [[r.DistanceFieldShadowing:1]]
[2020.11.19-21.21.01:502][  0]LogConfig: Setting CVar [[r.DistanceFieldAO:1]]
[2020.11.19-21.21.01:502][  0]LogConfig: Setting CVar [[r.AOQuality:2]]
[2020.11.19-21.21.01:502][  0]LogConfig: Setting CVar [[r.VolumetricFog:1]]
[2020.11.19-21.21.01:502][  0]LogConfig: Setting CVar [[r.VolumetricFog.GridPixelSize:8]]
[2020.11.19-21.21.01:502][  0]LogConfig: Setting CVar [[r.VolumetricFog.GridSizeZ:128]]
[2020.11.19-21.21.01:502][  0]LogConfig: Setting CVar [[r.VolumetricFog.HistoryMissSupersampleCount:4]]
[2020.11.19-21.21.01:502][  0]LogConfig: Setting CVar [[r.LightMaxDrawDistanceScale:1]]
[2020.11.19-21.21.01:502][  0]LogConfig: Setting CVar [[r.CapsuleShadows:1]]
[2020.11.19-21.21.01:502][  0]LogConfig: Applying CVar settings from Section [PostProcessQuality@3] File [D:/ToTheMoon/Saved/Config/Windows/Scalability.ini]
[2020.11.19-21.21.01:502][  0]LogConfig: Setting CVar [[r.MotionBlurQuality:4]]
[2020.11.19-21.21.01:502][  0]LogConfig: Setting CVar [[r.AmbientOcclusionMipLevelFactor:0.4]]
[2020.11.19-21.21.01:502][  0]LogConfig: Setting CVar [[r.AmbientOcclusionMaxQuality:100]]
[2020.11.19-21.21.01:502][  0]LogConfig: Setting CVar [[r.AmbientOcclusionLevels:-1]]
[2020.11.19-21.21.01:502][  0]LogConfig: Setting CVar [[r.AmbientOcclusionRadiusScale:1.0]]
[2020.11.19-21.21.01:502][  0]LogConfig: Setting CVar [[r.DepthOfFieldQuality:2]]
[2020.11.19-21.21.01:502][  0]LogConfig: Setting CVar [[r.RenderTargetPoolMin:400]]
[2020.11.19-21.21.01:502][  0]LogConfig: Setting CVar [[r.LensFlareQuality:2]]
[2020.11.19-21.21.01:502][  0]LogConfig: Setting CVar [[r.SceneColorFringeQuality:1]]
[2020.11.19-21.21.01:502][  0]LogConfig: Setting CVar [[r.EyeAdaptationQuality:2]]
[2020.11.19-21.21.01:502][  0]LogConfig: Setting CVar [[r.BloomQuality:5]]
[2020.11.19-21.21.01:502][  0]LogConfig: Setting CVar [[r.FastBlurThreshold:100]]
[2020.11.19-21.21.01:502][  0]LogConfig: Setting CVar [[r.Upscale.Quality:3]]
[2020.11.19-21.21.01:502][  0]LogConfig: Setting CVar [[r.Tonemapper.GrainQuantization:1]]
[2020.11.19-21.21.01:503][  0]LogConfig: Setting CVar [[r.LightShaftQuality:1]]
[2020.11.19-21.21.01:503][  0]LogConfig: Setting CVar [[r.Filter.SizeScale:1]]
[2020.11.19-21.21.01:503][  0]LogConfig: Setting CVar [[r.Tonemapper.Quality:5]]
[2020.11.19-21.21.01:503][  0]LogConfig: Setting CVar [[r.DOF.Gather.AccumulatorQuality:1        ; higher gathering accumulator quality]]
[2020.11.19-21.21.01:503][  0]LogConfig: Setting CVar [[r.DOF.Gather.PostfilterMethod:1          ; Median3x3 postfilering method]]
[2020.11.19-21.21.01:503][  0]LogConfig: Setting CVar [[r.DOF.Gather.EnableBokehSettings:0       ; no bokeh simulation when gathering]]
[2020.11.19-21.21.01:503][  0]LogConfig: Setting CVar [[r.DOF.Gather.RingCount:4                 ; medium number of samples when gathering]]
[2020.11.19-21.21.01:503][  0]LogConfig: Setting CVar [[r.DOF.Scatter.ForegroundCompositing:1    ; additive foreground scattering]]
[2020.11.19-21.21.01:503][  0]LogConfig: Setting CVar [[r.DOF.Scatter.BackgroundCompositing:2    ; additive background scattering]]
[2020.11.19-21.21.01:503][  0]LogConfig: Setting CVar [[r.DOF.Scatter.EnableBokehSettings:1      ; bokeh simulation when scattering]]
[2020.11.19-21.21.01:503][  0]LogConfig: Setting CVar [[r.DOF.Scatter.MaxSpriteRatio:0.1         ; only a maximum of 10% of scattered bokeh]]
[2020.11.19-21.21.01:503][  0]LogConfig: Setting CVar [[r.DOF.Recombine.Quality:1                ; cheap slight out of focus]]
[2020.11.19-21.21.01:503][  0]LogConfig: Setting CVar [[r.DOF.Recombine.EnableBokehSettings:0    ; no bokeh simulation on slight out of focus]]
[2020.11.19-21.21.01:503][  0]LogConfig: Setting CVar [[r.DOF.TemporalAAQuality:1                ; more stable temporal accumulation]]
[2020.11.19-21.21.01:503][  0]LogConfig: Setting CVar [[r.DOF.Kernel.MaxForegroundRadius:0.025]]
[2020.11.19-21.21.01:503][  0]LogConfig: Setting CVar [[r.DOF.Kernel.MaxBackgroundRadius:0.025]]
[2020.11.19-21.21.01:503][  0]LogConfig: Applying CVar settings from Section [TextureQuality@3] File [D:/ToTheMoon/Saved/Config/Windows/Scalability.ini]
[2020.11.19-21.21.01:503][  0]LogConfig: Setting CVar [[r.Streaming.MipBias:0]]
[2020.11.19-21.21.01:503][  0]LogConfig: Setting CVar [[r.Streaming.AmortizeCPUToGPUCopy:0]]
[2020.11.19-21.21.01:503][  0]LogConfig: Setting CVar [[r.Streaming.MaxNumTexturesToStreamPerFrame:0]]
[2020.11.19-21.21.01:503][  0]LogConfig: Setting CVar [[r.Streaming.Boost:1]]
[2020.11.19-21.21.01:503][  0]LogConfig: Setting CVar [[r.MaxAnisotropy:8]]
[2020.11.19-21.21.01:504][  0]LogConfig: Setting CVar [[r.VT.MaxAnisotropy:8]]
[2020.11.19-21.21.01:504][  0]LogConfig: Setting CVar [[r.Streaming.LimitPoolSizeToVRAM:0]]
[2020.11.19-21.21.01:504][  0]LogConfig: Setting CVar [[r.Streaming.PoolSize:1000]]
[2020.11.19-21.21.01:504][  0]LogConfig: Setting CVar [[r.Streaming.MaxEffectiveScreenSize:0]]
[2020.11.19-21.21.01:504][  0]LogConfig: Applying CVar settings from Section [EffectsQuality@3] File [D:/ToTheMoon/Saved/Config/Windows/Scalability.ini]
[2020.11.19-21.21.01:504][  0]LogConfig: Setting CVar [[r.TranslucencyLightingVolumeDim:64]]
[2020.11.19-21.21.01:504][  0]LogConfig: Setting CVar [[r.RefractionQuality:2]]
[2020.11.19-21.21.01:504][  0]LogConfig: Setting CVar [[r.SSR.Quality:3]]
[2020.11.19-21.21.01:504][  0]LogConfig: Setting CVar [[r.SSR.HalfResSceneColor:0]]
[2020.11.19-21.21.01:504][  0]LogConfig: Setting CVar [[r.SceneColorFormat:4]]
[2020.11.19-21.21.01:504][  0]LogConfig: Setting CVar [[r.DetailMode:2]]
[2020.11.19-21.21.01:504][  0]LogConfig: Setting CVar [[r.TranslucencyVolumeBlur:1]]
[2020.11.19-21.21.01:504][  0]LogConfig: Setting CVar [[r.MaterialQualityLevel:1 ; High quality]]
[2020.11.19-21.21.01:504][  0]LogConfig: Setting CVar [[r.SSS.Scale:1]]
[2020.11.19-21.21.01:504][  0]LogConfig: Setting CVar [[r.SSS.SampleSet:2]]
[2020.11.19-21.21.01:504][  0]LogConfig: Setting CVar [[r.SSS.Quality:1]]
[2020.11.19-21.21.01:504][  0]LogConfig: Setting CVar [[r.SSS.HalfRes:0]]
[2020.11.19-21.21.01:504][  0]LogConfig: Setting CVar [[r.SSGI.Quality:3]]
[2020.11.19-21.21.01:504][  0]LogConfig: Setting CVar [[r.EmitterSpawnRateScale:1.0]]
[2020.11.19-21.21.01:504][  0]LogConfig: Setting CVar [[r.ParticleLightQuality:2]]
[2020.11.19-21.21.01:505][  0]LogConfig: Setting CVar [[r.SkyAtmosphere.AerialPerspectiveLUT.FastApplyOnOpaque:1 ; Always have FastSkyLUT 1 in this case to avoid wrong sky]]
[2020.11.19-21.21.01:505][  0]LogConfig: Setting CVar [[r.SkyAtmosphere.AerialPerspectiveLUT.SampleCountPerSlice:1]]
[2020.11.19-21.21.01:505][  0]LogConfig: Setting CVar [[r.SkyAtmosphere.AerialPerspectiveLUT.DepthResolution:16.0]]
[2020.11.19-21.21.01:505][  0]LogConfig: Setting CVar [[r.SkyAtmosphere.FastSkyLUT:1]]
[2020.11.19-21.21.01:505][  0]LogConfig: Setting CVar [[r.SkyAtmosphere.FastSkyLUT.SampleCountMin:4.0]]
[2020.11.19-21.21.01:505][  0]LogConfig: Setting CVar [[r.SkyAtmosphere.FastSkyLUT.SampleCountMax:32.0]]
[2020.11.19-21.21.01:505][  0]LogConfig: Setting CVar [[r.SkyAtmosphere.SampleCountMin:4.0]]
[2020.11.19-21.21.01:505][  0]LogConfig: Setting CVar [[r.SkyAtmosphere.SampleCountMax:32.0]]
[2020.11.19-21.21.01:505][  0]LogConfig: Setting CVar [[r.SkyAtmosphere.TransmittanceLUT.UseSmallFormat:0]]
[2020.11.19-21.21.01:505][  0]LogConfig: Setting CVar [[r.SkyAtmosphere.TransmittanceLUT.SampleCount:10.0]]
[2020.11.19-21.21.01:505][  0]LogConfig: Setting CVar [[r.SkyAtmosphere.MultiScatteringLUT.SampleCount:15.0]]
[2020.11.19-21.21.01:505][  0]LogConfig: Applying CVar settings from Section [FoliageQuality@3] File [D:/ToTheMoon/Saved/Config/Windows/Scalability.ini]
[2020.11.19-21.21.01:505][  0]LogConfig: Setting CVar [[foliage.DensityScale:1.0]]
[2020.11.19-21.21.01:505][  0]LogConfig: Setting CVar [[grass.DensityScale:1.0]]
[2020.11.19-21.21.01:505][  0]LogConfig: Applying CVar settings from Section [ShadingQuality@3] File [D:/ToTheMoon/Saved/Config/Windows/Scalability.ini]
[2020.11.19-21.21.01:505][  0]LogConfig: Setting CVar [[r.HairStrands.SkyLighting.SampleCount:16]]
[2020.11.19-21.21.01:505][  0]LogConfig: Setting CVar [[r.HairStrands.SkyLighting.JitterIntegration:0]]
[2020.11.19-21.21.01:505][  0]LogConfig: Setting CVar [[r.HairStrands.SkyAO.SampleCount:16]]
[2020.11.19-21.21.01:505][  0]LogConfig: Setting CVar [[r.HairStrands.DeepShadow.SuperSampling:0]]
[2020.11.19-21.21.01:505][  0]LogConfig: Setting CVar [[r.HairStrands.VisibilityPPLL:0]]
[2020.11.19-21.21.01:506][  0]LogConfig: Setting CVar [[r.HairStrands.RasterizationScale:0.5]]
[2020.11.19-21.21.01:506][  0]LogConfig: Setting CVar [[r.HairStrands.VelocityRasterizationScale:1]]
[2020.11.19-21.21.01:506][  0]LogConfig: Applying CVar settings from Section [Startup] File [../../../Engine/Config/ConsoleVariables.ini]
[2020.11.19-21.21.01:507][  0]LogConfig: Setting CVar [[net.UseAdaptiveNetUpdateFrequency:0]]
[2020.11.19-21.21.01:507][  0]LogConfig: Setting CVar [[p.chaos.AllowCreatePhysxBodies:1]]
[2020.11.19-21.21.01:507][  0]LogConfig: Setting CVar [[fx.SkipVectorVMBackendOptimizations:1]]
[2020.11.19-21.21.01:507][  0]LogConfig: Applying CVar settings from Section [ConsoleVariables] File [D:/ToTheMoon/Saved/Config/Windows/Engine.ini]
[2020.11.19-21.21.01:507][  0]LogInit: Computer: DESKTOP-HS4JKP1
[2020.11.19-21.21.01:507][  0]LogInit: User: ardai
[2020.11.19-21.21.01:507][  0]LogInit: CPU Page size=4096, Cores=2
[2020.11.19-21.21.01:507][  0]LogInit: High frequency timer resolution =10.000000 MHz
[2020.11.19-21.21.01:507][  0]LogMemory: Memory total: Physical=7.9GB (8GB approx)
[2020.11.19-21.21.01:507][  0]LogMemory: Platform Memory Stats for Windows
[2020.11.19-21.21.01:507][  0]LogMemory: Process Physical Memory: 113.75 MB used, 113.75 MB peak
[2020.11.19-21.21.01:507][  0]LogMemory: Process Virtual Memory: 94.80 MB used, 94.80 MB peak
[2020.11.19-21.21.01:507][  0]LogMemory: Physical Memory: 7304.17 MB used,  797.68 MB free, 8101.85 MB total
[2020.11.19-21.21.01:507][  0]LogMemory: Virtual Memory: 5122.70 MB used,  134212608.00 MB free, 134217728.00 MB total
[2020.11.19-21.21.01:519][  0]LogWindows: WindowsPlatformFeatures enabled
[2020.11.19-21.21.01:615][  0]LogInit: Physics initialised using underlying interface: PhysX
[2020.11.19-21.21.01:617][  0]LogInit: Using OS detected language (en-US).
[2020.11.19-21.21.01:617][  0]LogInit: Using OS detected locale (en-CA).
[2020.11.19-21.21.01:620][  0]LogTextLocalizationManager: No specific localization for 'en-US' exists, so the 'en' localization will be used.
[2020.11.19-21.21.02:240][  0]LogInit: Setting process to per monitor DPI aware
[2020.11.19-21.21.02:299][  0]LogSlate: New Slate User Created.  User Index 0, Is Virtual User: 0
[2020.11.19-21.21.02:299][  0]LogSlate: Slate User Registered.  User Index 0, Is Virtual User: 0
[2020.11.19-21.21.02:834][  0]LogD3D12RHI: Aftermath initialized
[2020.11.19-21.21.02:834][  0]LogD3D12RHI: Loading WinPixEventRuntime.dll for PIX profiling (from ../../../Engine/Binaries/ThirdParty/Windows/WinPixEventRuntime/x64).
[2020.11.19-21.21.02:888][  0]LogHMD: Failed to initialize OpenVR with code 110
[2020.11.19-21.21.02:990][  0]LogD3D12RHI: Found D3D12 adapter 0: NVIDIA GeForce GTX 750 Ti (Max supported Feature Level 11_0)
[2020.11.19-21.21.02:990][  0]LogD3D12RHI: Adapter has 2018MB of dedicated video memory, 0MB of dedicated system memory, and 4050MB of shared system memory, 1 output[s]
[2020.11.19-21.21.03:059][  0]LogD3D12RHI: Found D3D12 adapter 1: Intel(R) HD Graphics Family (Max supported Feature Level 11_1)
[2020.11.19-21.21.03:059][  0]LogD3D12RHI: Adapter has 112MB of dedicated video memory, 0MB of dedicated system memory, and 2048MB of shared system memory, 0 output[s]
[2020.11.19-21.21.03:142][  0]LogD3D12RHI: Found D3D12 adapter 2: Microsoft Basic Render Driver (Max supported Feature Level 12_1)
[2020.11.19-21.21.03:142][  0]LogD3D12RHI: Adapter has 0MB of dedicated video memory, 0MB of dedicated system memory, and 4050MB of shared system memory, 0 output[s]
[2020.11.19-21.21.03:142][  0]LogD3D12RHI: Forcing D3D12.AsyncDeferredDeletion=0 as a workaround for a deadlock.
[2020.11.19-21.21.03:143][  0]LogD3D12RHI: Chosen D3D12 Adapter Id = 0
[2020.11.19-21.21.03:194][  0]LogD3D12RHI: Emitting draw events for PIX profiling.
[2020.11.19-21.21.03:247][  0]LogD3D12RHI: The system supports ID3D12Device1.
[2020.11.19-21.21.03:247][  0]LogD3D12RHI: The system supports ID3D12Device2.
[2020.11.19-21.21.03:336][  0]LogD3D12RHI: Warning: [GPUBreadCrumb] Failed to OpenExistingHeapFromAddress, error: 80070057
[2020.11.19-21.21.03:367][  0]LogD3D12RHI: Warning: [GPUBreadCrumb] Failed to OpenExistingHeapFromAddress, error: 80070057
[2020.11.19-21.21.03:400][  0]LogD3D12RHI: Warning: [GPUBreadCrumb] Failed to OpenExistingHeapFromAddress, error: 80070057
[2020.11.19-21.21.03:407][  0]LogD3D12RHI: Display: Not using pipeline state disk cache per r.D3D12.PSO.DiskCache=0
[2020.11.19-21.21.03:407][  0]LogD3D12RHI: Display: Not using driver-optimized pipeline state disk cache per r.D3D12.PSO.DriverOptimizedDiskCache=0
[2020.11.19-21.21.03:412][  0]LogD3D12RHI:     GPU DeviceId: 0x1392 (for the marketing name, search the web for "GPU Device Id")
[2020.11.19-21.21.03:412][  0]LogWindows: EnumDisplayDevices:
[2020.11.19-21.21.03:413][  0]LogWindows:    0. 'Intel(R) HD Graphics Family' (P:1 D:1)
[2020.11.19-21.21.03:413][  0]LogWindows:    1. 'Intel(R) HD Graphics Family' (P:0 D:0)
[2020.11.19-21.21.03:414][  0]LogWindows:    2. 'Intel(R) HD Graphics Family' (P:0 D:0)
[2020.11.19-21.21.03:415][  0]LogWindows: DebugString: PrimaryIsNotTheChoosenAdapter PrimaryIsNotTheChoosenAdapter PrimaryIsNotTheChoosenAdapter FoundDriverCount:0 
[2020.11.19-21.21.03:415][  0]LogD3D12RHI:     Adapter Name: NVIDIA GeForce GTX 750 Ti
[2020.11.19-21.21.03:415][  0]LogD3D12RHI:   Driver Version: Unknown (internal:Unknown, unified:Unknown)
[2020.11.19-21.21.03:415][  0]LogD3D12RHI:      Driver Date: Unknown
[2020.11.19-21.21.03:415][  0]LogRHI: Texture pool is 1081 MB (70% of 1544 MB)
[2020.11.19-21.21.03:415][  0]LogD3D12RHI: Async texture creation enabled
[2020.11.19-21.21.03:415][  0]LogD3D12RHI: RHI does not have support for 64 bit atomics
[2020.11.19-21.21.04:238][  0]LogTargetPlatformManager: Display: Loaded TargetPlatform 'AllDesktop'
[2020.11.19-21.21.04:305][  0]LogTargetPlatformManager: Display: Loaded TargetPlatform 'Android'
[2020.11.19-21.21.04:305][  0]LogTargetPlatformManager: Display: Loaded TargetPlatform 'Android_ASTC'
[2020.11.19-21.21.04:305][  0]LogTargetPlatformManager: Display: Loaded TargetPlatform 'Android_DXT'
[2020.11.19-21.21.04:305][  0]LogTargetPlatformManager: Display: Loaded TargetPlatform 'Android_ETC2'
[2020.11.19-21.21.04:305][  0]LogTargetPlatformManager: Display: Loaded TargetPlatform 'AndroidClient'
[2020.11.19-21.21.04:305][  0]LogTargetPlatformManager: Display: Loaded TargetPlatform 'Android_ASTCClient'
[2020.11.19-21.21.04:305][  0]LogTargetPlatformManager: Display: Loaded TargetPlatform 'Android_DXTClient'
[2020.11.19-21.21.04:305][  0]LogTargetPlatformManager: Display: Loaded TargetPlatform 'Android_ETC2Client'
[2020.11.19-21.21.04:305][  0]LogTargetPlatformManager: Display: Loaded TargetPlatform 'Android_Multi'
[2020.11.19-21.21.04:305][  0]LogTargetPlatformManager: Display: Loaded TargetPlatform 'Android_MultiClient'
[2020.11.19-21.21.04:364][  0]LogTargetPlatformManager: Display: Loaded TargetPlatform 'IOSClient'
[2020.11.19-21.21.04:364][  0]LogTargetPlatformManager: Display: Loaded TargetPlatform 'IOS'
[2020.11.19-21.21.04:393][  0]LogTargetPlatformManager: Display: Loaded TargetPlatform 'Linux'
[2020.11.19-21.21.04:420][  0]LogTargetPlatformManager: Display: Loaded TargetPlatform 'LinuxNoEditor'
[2020.11.19-21.21.04:448][  0]LogTargetPlatformManager: Display: Loaded TargetPlatform 'LinuxClient'
[2020.11.19-21.21.04:479][  0]LogTargetPlatformManager: Display: Loaded TargetPlatform 'LinuxServer'
[2020.11.19-21.21.04:508][  0]LogTargetPlatformManager: Display: Loaded TargetPlatform 'LinuxAArch64NoEditor'
[2020.11.19-21.21.04:541][  0]LogTargetPlatformManager: Display: Loaded TargetPlatform 'LinuxAArch64Client'
[2020.11.19-21.21.04:572][  0]LogTargetPlatformManager: Display: Loaded TargetPlatform 'LinuxAArch64Server'
[2020.11.19-21.21.04:660][  0]LogTargetPlatformManager: Display: Loaded TargetPlatform 'Lumin'
[2020.11.19-21.21.04:661][  0]LogTargetPlatformManager: Display: Loaded TargetPlatform 'LuminClient'
[2020.11.19-21.21.04:711][  0]LogTargetPlatformManager: Display: Loaded TargetPlatform 'TVOSClient'
[2020.11.19-21.21.04:711][  0]LogTargetPlatformManager: Display: Loaded TargetPlatform 'TVOS'
[2020.11.19-21.21.04:743][  0]LogTargetPlatformManager: Display: Loaded TargetPlatform 'WindowsNoEditor'
[2020.11.19-21.21.04:775][  0]LogTargetPlatformManager: Display: Loaded TargetPlatform 'Windows'
[2020.11.19-21.21.04:802][  0]LogTargetPlatformManager: Display: Loaded TargetPlatform 'WindowsClient'
[2020.11.19-21.21.04:833][  0]LogTargetPlatformManager: Display: Loaded TargetPlatform 'WindowsServer'
[2020.11.19-21.21.04:833][  0]LogTargetPlatformManager: Display: Building Assets For Windows
[2020.11.19-21.21.04:855][  0]LogAudioDebug: Display: Lib vorbis DLL was dynamically loaded.
[2020.11.19-21.21.05:022][  0]LogShaderCompilers: Guid format shader working directory is 25 characters bigger than the processId version (../../../../ToTheMoon/Intermediate/Shaders/WorkingDirectory/2072/).
[2020.11.19-21.21.05:022][  0]LogShaderCompilers: Cleaned the shader compiler working directory 'C:/Users/ardai/AppData/Local/Temp/UnrealShaderWorkingDir/D9EB734640F46C329BB1FF9D8645BE48/'.
[2020.11.19-21.21.05:024][  0]LogXGEController: Cannot use XGE Controller as Incredibuild is not installed on this machine.
[2020.11.19-21.21.05:025][  0]LogShaderCompilers: Cannot use XGE Shader Compiler as Incredibuild is not installed on this machine.
[2020.11.19-21.21.05:025][  0]LogShaderCompilers: Display: Using Local Shader Compiler.
[2020.11.19-21.21.07:483][  0]LogDerivedDataCache: Display: Max Cache Size: 512 MB
[2020.11.19-21.21.07:654][  0]LogDerivedDataCache: Loaded boot cache 0.17s 79MB C:/Users/ardai/AppData/Local/UnrealEngine/4.25/DerivedDataCache/Boot.ddc.
[2020.11.19-21.21.07:654][  0]LogDerivedDataCache: Display: Loaded Boot cache: C:/Users/ardai/AppData/Local/UnrealEngine/4.25/DerivedDataCache/Boot.ddc
[2020.11.19-21.21.07:654][  0]LogDerivedDataCache: FDerivedDataBackendGraph:  Pak pak cache file ../../../../ToTheMoon/DerivedDataCache/DDC.ddp not found, will not use a pak cache.
[2020.11.19-21.21.07:654][  0]LogDerivedDataCache: Unable to find inner node Pak for hierarchical cache Hierarchy.
[2020.11.19-21.21.07:654][  0]LogDerivedDataCache: FDerivedDataBackendGraph:  CompressedPak pak cache file ../../../../ToTheMoon/DerivedDataCache/Compressed.ddp not found, will not use a pak cache.
[2020.11.19-21.21.07:654][  0]LogDerivedDataCache: Unable to find inner node CompressedPak for hierarchical cache Hierarchy.
[2020.11.19-21.21.07:676][  0]LogDerivedDataCache: Display: Pak cache opened for reading ../../../Engine/DerivedDataCache/Compressed.ddp.
[2020.11.19-21.21.07:676][  0]LogDerivedDataCache: FDerivedDataBackendGraph:  EnterprisePak pak cache file ../../../Enterprise/DerivedDataCache/Compressed.ddp not found, will not use a pak cache.
[2020.11.19-21.21.07:676][  0]LogDerivedDataCache: Unable to find inner node EnterprisePak for hierarchical cache Hierarchy.
[2020.11.19-21.21.07:678][  0]LogDerivedDataCache: Using Local data cache path C:/Users/ardai/AppData/Local/UnrealEngine/Common/DerivedDataCache: Writable
[2020.11.19-21.21.07:678][  0]LogDerivedDataCache: Shared data cache path not found in *engine.ini, will not use an Shared cache.
[2020.11.19-21.21.07:678][  0]LogDerivedDataCache: Unable to find inner node Shared for hierarchical cache Hierarchy.
[2020.11.19-21.21.14:917][  0]LogShaderCompilers: Display: Worker (1/3): shaders left to compile 3126
[2020.11.19-21.21.14:919][  0]LogShaderCompilers: Display: Worker (2/3): shaders left to compile 3125
[2020.11.19-21.21.14:919][  0]LogShaderCompilers: Display: Worker (3/3): shaders left to compile 3124
[2020.11.19-21.21.14:919][  0]LogSlate: Using FreeType 2.10.0
[2020.11.19-21.21.14:924][  0]LogSlate: SlateFontServices - WITH_FREETYPE: 1, WITH_HARFBUZZ: 1
[2020.11.19-21.21.15:306][  0]LogAssetRegistry: FAssetRegistry took 0.0930 seconds to start up
[2020.11.19-21.21.16:253][  0]LogInit: Selected Device Profile: [Windows]
[2020.11.19-21.21.16:536][  0]LogMaterial: Display: Missing cached shader map for material WorldGridMaterial, compiling. Is special engine material.
[2020.11.19-21.22.52:053][  0]LogShaderCompilers: Display: Worker (1/3): shaders left to compile 4080
[2020.11.19-21.22.58:948][  0]LogShaderCompilers: Display: Worker (1/3): shaders left to compile 4079
[2020.11.19-21.23.02:536][  0]LogShaderCompilers: Display: Worker (1/3): shaders left to compile 4078
[2020.11.19-21.23.05:526][  0]LogShaderCompilers: Display: Worker (1/3): shaders left to compile 4077
[2020.11.19-21.23.10:631][  0]LogShaderCompilers: Display: Worker (1/3): shaders left to compile 4076
[2020.11.19-21.23.13:638][  0]LogShaderCompilers: Display: Worker (1/3): shaders left to compile 4075
[2020.11.19-21.23.17:200][  0]LogShaderCompilers: Display: Worker (1/3): shaders left to compile 4074
[2020.11.19-21.23.18:969][  0]LogShaderCompilers: Display: Worker (3/3): shaders left to compile 4073
[2020.11.19-21.23.20:728][  0]LogShaderCompilers: Display: Worker (1/3): shaders left to compile 4072
[2020.11.19-21.23.21:932][  0]LogShaderCompilers: Display: Worker (3/3): shaders left to compile 4071
[2020.11.19-21.23.25:552][  0]LogShaderCompilers: Display: Worker (3/3): shaders left to compile 4070
[2020.11.19-21.23.27:918][  0]LogShaderCompilers: Display: Worker (1/3): shaders left to compile 4069
[2020.11.19-21.23.29:382][  0]LogShaderCompilers: Display: Worker (2/3): shaders left to compile 4068
[2020.11.19-21.23.54:353][  0]LogShaderCompilers: Display: Worker (3/3): shaders left to compile 4067
[2020.11.19-21.23.56:786][  0]LogShaderCompilers: Display: Worker (1/3): shaders left to compile 4066
[2020.11.19-21.23.56:786][  0]LogShaderCompilers: Display: Worker (2/3): shaders left to compile 4065
[2020.11.19-21.23.58:580][  0]LogShaderCompilers: Display: Worker (3/3): shaders left to compile 4064
[2020.11.19-21.24.00:936][  0]LogShaderCompilers: Display: Worker (1/3): shaders left to compile 4063
[2020.11.19-21.24.01:514][  0]LogShaderCompilers: Display: Worker (2/3): shaders left to compile 4062
[2020.11.19-21.24.03:294][  0]LogShaderCompilers: Display: Worker (3/3): shaders left to compile 4061
[2020.11.19-21.24.05:082][  0]LogShaderCompilers: Display: Worker (1/3): shaders left to compile 4060
[2020.11.19-21.24.06:405][  0]LogShaderCompilers: Display: Worker (2/3): shaders left to compile 4059
[2020.11.19-21.24.18:565][  0]LogShaderCompilers: Display: Worker (3/3): shaders left to compile 4058
[2020.11.19-21.24.24:628][  0]LogShaderCompilers: Display: Worker (1/3): shaders left to compile 4057
[2020.11.19-21.24.24:628][  0]LogShaderCompilers: Display: Worker (2/3): shaders left to compile 4056
[2020.11.19-21.24.25:191][  0]LogShaderCompilers: Display: Worker (3/3): shaders left to compile 4055
[2020.11.19-21.24.26:315][  0]LogShaderCompilers: Display: Worker (1/3): shaders left to compile 4054
[2020.11.19-21.24.26:315][  0]LogShaderCompilers: Display: Worker (2/3): shaders left to compile 4053
[2020.11.19-21.24.26:876][  0]LogShaderCompilers: Display: Worker (3/3): shaders left to compile 4052
[2020.11.19-21.24.27:436][  0]LogShaderCompilers: Display: Worker (1/3): shaders left to compile 4051
[2020.11.19-21.24.27:436][  0]LogShaderCompilers: Display: Worker (2/3): shaders left to compile 4050
[2020.11.19-21.24.28:558][  0]LogShaderCompilers: Display: Worker (3/3): shaders left to compile 4049
[2020.11.19-21.24.29:118][  0]LogShaderCompilers: Display: Worker (1/3): shaders left to compile 4048
[2020.11.19-21.24.29:118][  0]LogShaderCompilers: Display: Worker (2/3): shaders left to compile 4047
[2020.11.19-21.24.30:247][  0]LogShaderCompilers: Display: Worker (3/3): shaders left to compile 4046
[2020.11.19-21.24.30:247][  0]LogShaderCompilers: Display: Worker (1/3): shaders left to compile 4045
[2020.11.19-21.24.30:810][  0]LogShaderCompilers: Display: Worker (2/3): shaders left to compile 4044
[2020.11.19-21.24.32:561][  0]LogShaderCompilers: Display: Worker (3/3): shaders left to compile 4043
[2020.11.19-21.24.33:122][  0]LogShaderCompilers: Display: Worker (2/3): shaders left to compile 4042
[2020.11.19-21.24.33:683][  0]LogShaderCompilers: Display: Worker (3/3): shaders left to compile 4041
[2020.11.19-21.24.34:804][  0]LogShaderCompilers: Display: Worker (2/3): shaders left to compile 4040
[2020.11.19-21.24.36:592][  0]LogShaderCompilers: Display: Worker (3/3): shaders left to compile 4039
[2020.11.19-21.24.37:180][  0]LogShaderCompilers: Display: Worker (2/3): shaders left to compile 4038
[2020.11.19-21.24.37:744][  0]LogShaderCompilers: Display: Worker (3/3): shaders left to compile 4037
[2020.11.19-21.24.39:466][  0]LogShaderCompilers: Display: Worker (2/3): shaders left to compile 4036
[2020.11.19-21.24.40:593][  0]LogShaderCompilers: Display: Worker (3/3): shaders left to compile 4035
[2020.11.19-21.24.41:715][  0]LogShaderCompilers: Display: Worker (1/3): shaders left to compile 4034
[2020.11.19-21.24.41:716][  0]LogShaderCompilers: Display: Worker (2/3): shaders left to compile 4033
[2020.11.19-21.24.42:873][  0]LogShaderCompilers: Display: Worker (3/3): shaders left to compile 4032
[2020.11.19-21.24.43:436][  0]LogShaderCompilers: Display: Worker (2/3): shaders left to compile 4031
[2020.11.19-21.24.43:436][  0]LogShaderCompilers: Display: Worker (1/3): shaders left to compile 4030
[2020.11.19-21.24.43:436][  0]LogShaderCompilers: Display: Worker (3/3): shaders left to compile 4029
[2020.11.19-21.24.44:609][  0]LogShaderCompilers: Display: Worker (2/3): shaders left to compile 4028
[2020.11.19-21.24.44:609][  0]LogShaderCompilers: Display: Worker (1/3): shaders left to compile 4027
[2020.11.19-21.24.45:188][  0]LogShaderCompilers: Display: Worker (3/3): shaders left to compile 4026
[2020.11.19-21.24.45:755][  0]LogShaderCompilers: Display: Worker (2/3): shaders left to compile 4025
[2020.11.19-21.24.46:319][  0]LogShaderCompilers: Display: Worker (1/3): shaders left to compile 4024
[2020.11.19-21.24.46:319][  0]LogShaderCompilers: Display: Worker (3/3): shaders left to compile 4023
[2020.11.19-21.24.48:610][  0]LogShaderCompilers: Display: Worker (3/3): shaders left to compile 4022
[2020.11.19-21.24.48:610][  0]LogShaderCompilers: Display: Worker (2/3): shaders left to compile 4021
[2020.11.19-21.24.49:772][  0]LogShaderCompilers: Display: Worker (1/3): shaders left to compile 4020
[2020.11.19-21.24.50:332][  0]LogShaderCompilers: Display: Worker (3/3): shaders left to compile 4019
[2020.11.19-21.24.50:906][  0]LogShaderCompilers: Display: Worker (2/3): shaders left to compile 4018
[2020.11.19-21.24.51:492][  0]LogShaderCompilers: Display: Worker (1/3): shaders left to compile 4017
[2020.11.19-21.24.52:653][  0]LogShaderCompilers: Display: Worker (3/3): shaders left to compile 4016
[2020.11.19-21.24.53:852][  0]LogShaderCompilers: Display: Worker (2/3): shaders left to compile 4015
[2020.11.19-21.24.54:421][  0]LogShaderCompilers: Display: Worker (1/3): shaders left to compile 4014
[2020.11.19-21.24.56:209][  0]LogShaderCompilers: Display: Worker (3/3): shaders left to compile 4013
[2020.11.19-21.25.00:877][  0]LogShaderCompilers: Display: Worker (2/3): shaders left to compile 4012
[2020.11.19-21.25.01:450][  0]LogShaderCompilers: Display: Worker (1/3): shaders left to compile 4011
[2020.11.19-21.25.02:026][  0]LogShaderCompilers: Display: Worker (3/3): shaders left to compile 4010
[2020.11.19-21.25.02:594][  0]LogShaderCompilers: Display: Worker (2/3): shaders left to compile 4009
[2020.11.19-21.25.03:168][  0]LogShaderCompilers: Display: Worker (3/3): shaders left to compile 4008
[2020.11.19-21.25.03:751][  0]LogShaderCompilers: Display: Worker (1/3): shaders left to compile 4007
[2020.11.19-21.25.04:329][  0]LogShaderCompilers: Display: Worker (2/3): shaders left to compile 4006
[2020.11.19-21.25.04:891][  0]LogShaderCompilers: Display: Worker (1/3): shaders left to compile 4005
[2020.11.19-21.25.05:456][  0]LogShaderCompilers: Display: Worker (3/3): shaders left to compile 4004
[2020.11.19-21.25.06:601][  0]LogShaderCompilers: Display: Worker (2/3): shaders left to compile 4003
[2020.11.19-21.25.07:164][  0]LogShaderCompilers: Display: Worker (2/3): shaders left to compile 4002
[2020.11.19-21.25.07:738][  0]LogShaderCompilers: Display: Worker (1/3): shaders left to compile 4001
[2020.11.19-21.25.07:738][  0]LogShaderCompilers: Display: Worker (3/3): shaders left to compile 4000
[2020.11.19-21.25.07:738][  0]LogShaderCompilers: Display: Worker (2/3): shaders left to compile 3999
[2020.11.19-21.25.08:309][  0]LogShaderCompilers: Display: Worker (1/3): shaders left to compile 3998
[2020.11.19-21.25.08:309][  0]LogShaderCompilers: Display: Worker (3/3): shaders left to compile 3997
[2020.11.19-21.25.08:309][  0]LogShaderCompilers: Display: Worker (2/3): shaders left to compile 3996
[2020.11.19-21.25.08:309][  0]LogShaderCompilers: Display: Worker (1/3): shaders left to compile 3995
[2020.11.19-21.25.09:454][  0]LogShaderCompilers: Display: Worker (3/3): shaders left to compile 3994
[2020.11.19-21.25.10:038][  0]LogShaderCompilers: Display: Worker (1/3): shaders left to compile 3993
[2020.11.19-21.25.11:167][  0]LogShaderCompilers: Display: Worker (3/3): shaders left to compile 3992
[2020.11.19-21.25.11:167][  0]LogShaderCompilers: Display: Worker (1/3): shaders left to compile 3991
[2020.11.19-21.25.12:290][  0]LogShaderCompilers: Display: Worker (3/3): shaders left to compile 3990
[2020.11.19-21.25.12:290][  0]LogShaderCompilers: Display: Worker (1/3): shaders left to compile 3989
[2020.11.19-21.25.12:851][  0]LogShaderCompilers: Display: Worker (2/3): shaders left to compile 3988
[2020.11.19-21.25.13:412][  0]LogShaderCompilers: Display: Worker (3/3): shaders left to compile 3987
[2020.11.19-21.25.16:259][  0]LogShaderCompilers: Display: Worker (3/3): shaders left to compile 3986
[2020.11.19-21.25.17:381][  0]LogShaderCompilers: Display: Worker (3/3): shaders left to compile 3985
[2020.11.19-21.25.17:941][  0]LogShaderCompilers: Display: Worker (2/3): shaders left to compile 3984
[2020.11.19-21.25.18:518][  0]LogShaderCompilers: Display: Worker (3/3): shaders left to compile 3983
[2020.11.19-21.25.18:518][  0]LogShaderCompilers: Display: Worker (2/3): shaders left to compile 3982
[2020.11.19-21.25.19:079][  0]LogShaderCompilers: Display: Worker (1/3): shaders left to compile 3981
[2020.11.19-21.25.19:640][  0]LogShaderCompilers: Display: Worker (3/3): shaders left to compile 3980
[2020.11.19-21.25.30:928][  0]LogShaderCompilers: Display: Worker (3/3): shaders left to compile 3979
[2020.11.19-21.25.32:051][  0]LogShaderCompilers: Display: Worker (3/3): shaders left to compile 3978
[2020.11.19-21.25.34:855][  0]LogShaderCompilers: Display: Worker (3/3): shaders left to compile 3977
[2020.11.19-21.25.35:993][  0]LogShaderCompilers: Display: Worker (3/3): shaders left to compile 3976
[2020.11.19-21.25.37:114][  0]LogShaderCompilers: Display: Worker (1/3): shaders left to compile 3975
[2020.11.19-21.25.37:114][  0]LogShaderCompilers: Display: Worker (3/3): shaders left to compile 3974
[2020.11.19-21.25.38:249][  0]LogShaderCompilers: Display: Worker (3/3): shaders left to compile 3973
[2020.11.19-21.25.38:249][  0]LogShaderCompilers: Display: Worker (1/3): shaders left to compile 3972
[2020.11.19-21.25.42:299][  0]LogShaderCompilers: Display: Worker (3/3): shaders left to compile 3971
[2020.11.19-21.25.42:299][  0]LogShaderCompilers: Display: Worker (1/3): shaders left to compile 3970
[2020.11.19-21.25.44:550][  0]LogShaderCompilers: Display: Worker (3/3): shaders left to compile 3969
[2020.11.19-21.25.44:550][  0]LogShaderCompilers: Display: Worker (1/3): shaders left to compile 3968
[2020.11.19-21.25.46:246][  0]LogShaderCompilers: Display: Worker (1/3): shaders left to compile 3967
[2020.11.19-21.25.46:807][  0]LogShaderCompilers: Display: Worker (3/3): shaders left to compile 3966
[2020.11.19-21.25.47:928][  0]LogShaderCompilers: Display: Worker (1/3): shaders left to compile 3965
[2020.11.19-21.25.49:064][  0]LogShaderCompilers: Display: Worker (3/3): shaders left to compile 3964
[2020.11.19-21.25.49:624][  0]LogShaderCompilers: Display: Worker (1/3): shaders left to compile 3963
[2020.11.19-21.25.50:185][  0]LogShaderCompilers: Display: Worker (3/3): shaders left to compile 3962
[2020.11.19-21.25.51:870][  0]LogShaderCompilers: Display: Worker (3/3): shaders left to compile 3961
[2020.11.19-21.25.51:870][  0]LogShaderCompilers: Display: Worker (1/3): shaders left to compile 3960
[2020.11.19-21.25.52:996][  0]LogShaderCompilers: Display: Worker (3/3): shaders left to compile 3959
[2020.11.19-21.25.54:123][  0]LogShaderCompilers: Display: Worker (1/3): shaders left to compile 3958
[2020.11.19-21.25.55:245][  0]LogShaderCompilers: Display: Worker (3/3): shaders left to compile 3957
[2020.11.19-21.25.55:806][  0]LogShaderCompilers: Display: Worker (1/3): shaders left to compile 3956
[2020.11.19-21.25.56:941][  0]LogShaderCompilers: Display: Worker (3/3): shaders left to compile 3955
[2020.11.19-21.25.57:546][  0]LogShaderCompilers: Display: Worker (1/3): shaders left to compile 3954
[2020.11.19-21.25.58:703][  0]LogShaderCompilers: Display: Worker (3/3): shaders left to compile 3953
[2020.11.19-21.25.58:703][  0]LogShaderCompilers: Display: Worker (1/3): shaders left to compile 3952
[2020.11.19-21.25.59:264][  0]LogShaderCompilers: Display: Worker (3/3): shaders left to compile 3951
[2020.11.19-21.25.59:824][  0]LogShaderCompilers: Display: Worker (1/3): shaders left to compile 3950
[2020.11.19-21.26.00:385][  0]LogShaderCompilers: Display: Worker (1/3): shaders left to compile 3949
[2020.11.19-21.26.00:946][  0]LogShaderCompilers: Display: Worker (3/3): shaders left to compile 3948
[2020.11.19-21.26.01:512][  0]LogShaderCompilers: Display: Worker (1/3): shaders left to compile 3947
[2020.11.19-21.26.01:512][  0]LogShaderCompilers: Display: Worker (3/3): shaders left to compile 3946
[2020.11.19-21.26.02:073][  0]LogShaderCompilers: Display: Worker (3/3): shaders left to compile 3945
[2020.11.19-21.26.02:634][  0]LogShaderCompilers: Display: Worker (1/3): shaders left to compile 3944
[2020.11.19-21.26.03:195][  0]LogShaderCompilers: Display: Worker (3/3): shaders left to compile 3943
[2020.11.19-21.26.03:765][  0]LogShaderCompilers: Display: Worker (1/3): shaders left to compile 3942
[2020.11.19-21.26.04:895][  0]LogShaderCompilers: Display: Worker (3/3): shaders left to compile 3941
[2020.11.19-21.26.04:895][  0]LogShaderCompilers: Display: Worker (1/3): shaders left to compile 3940
[2020.11.19-21.26.06:623][  0]LogShaderCompilers: Display: Worker (3/3): shaders left to compile 3939
[2020.11.19-21.26.07:184][  0]LogShaderCompilers: Display: Worker (3/3): shaders left to compile 3938
[2020.11.19-21.26.07:773][  0]LogShaderCompilers: Display: Worker (1/3): shaders left to compile 3937
[2020.11.19-21.26.10:137][  0]LogShaderCompilers: Display: Worker (3/3): shaders left to compile 3936
[2020.11.19-21.26.10:708][  0]LogShaderCompilers: Display: Worker (1/3): shaders left to compile 3935
[2020.11.19-21.26.11:269][  0]LogShaderCompilers: Display: Worker (1/3): shaders left to compile 3934
[2020.11.19-21.26.11:829][  0]LogShaderCompilers: Display: Worker (3/3): shaders left to compile 3933
[2020.11.19-21.26.12:390][  0]LogShaderCompilers: Display: Worker (1/3): shaders left to compile 3932
[2020.11.19-21.26.12:390][  0]LogShaderCompilers: Display: Worker (3/3): shaders left to compile 3931
[2020.11.19-21.26.13:546][  0]LogShaderCompilers: Display: Worker (3/3): shaders left to compile 3930
[2020.11.19-21.26.13:546][  0]LogShaderCompilers: Display: Worker (1/3): shaders left to compile 3929
[2020.11.19-21.26.14:670][  0]LogShaderCompilers: Display: Worker (3/3): shaders left to compile 3928
[2020.11.19-21.26.14:670][  0]LogShaderCompilers: Display: Worker (1/3): shaders left to compile 3927
[2020.11.19-21.26.15:798][  0]LogShaderCompilers: Display: Worker (1/3): shaders left to compile 3926
[2020.11.19-21.26.15:798][  0]LogShaderCompilers: Display: Worker (3/3): shaders left to compile 3925
[2020.11.19-21.26.16:359][  0]LogShaderCompilers: Display: Worker (1/3): shaders left to compile 3924
[2020.11.19-21.26.16:920][  0]LogShaderCompilers: Display: Worker (3/3): shaders left to compile 3923
[2020.11.19-21.26.18:041][  0]LogShaderCompilers: Display: Worker (1/3): shaders left to compile 3922
[2020.11.19-21.26.18:602][  0]LogShaderCompilers: Display: Worker (3/3): shaders left to compile 3921
[2020.11.19-21.26.18:602][  0]LogShaderCompilers: Display: Worker (1/3): shaders left to compile 3920
[2020.11.19-21.26.19:738][  0]LogShaderCompilers: Display: Worker (3/3): shaders left to compile 3919
[2020.11.19-21.26.19:738][  0]LogShaderCompilers: Display: Worker (1/3): shaders left to compile 3918
[2020.11.19-21.26.20:299][  0]LogShaderCompilers: Display: Worker (1/3): shaders left to compile 3917
[2020.11.19-21.26.20:299][  0]LogShaderCompilers: Display: Worker (3/3): shaders left to compile 3916
[2020.11.19-21.26.20:859][  0]LogShaderCompilers: Display: Worker (1/3): shaders left to compile 3915
[2020.11.19-21.26.21:420][  0]LogShaderCompilers: Display: Worker (3/3): shaders left to compile 3914
[2020.11.19-21.26.21:981][  0]LogShaderCompilers: Display: Worker (1/3): shaders left to compile 3913
[2020.11.19-21.26.21:981][  0]LogShaderCompilers: Display: Worker (3/3): shaders left to compile 3912
[2020.11.19-21.26.22:556][  0]LogShaderCompilers: Display: Worker (1/3): shaders left to compile 3911
[2020.11.19-21.26.22:556][  0]LogShaderCompilers: Display: Worker (3/3): shaders left to compile 3910
[2020.11.19-21.26.23:697][  0]LogShaderCompilers: Display: Worker (1/3): shaders left to compile 3909
[2020.11.19-21.26.23:697][  0]LogShaderCompilers: Display: Worker (3/3): shaders left to compile 3908
[2020.11.19-21.26.24:257][  0]LogShaderCompilers: Display: Worker (1/3): shaders left to compile 3907
[2020.11.19-21.26.24:257][  0]LogShaderCompilers: Display: Worker (3/3): shaders left to compile 3906
[2020.11.19-21.26.24:818][  0]LogShaderCompilers: Display: Worker (1/3): shaders left to compile 3905
[2020.11.19-21.26.24:818][  0]LogShaderCompilers: Display: Worker (3/3): shaders left to compile 3904
[2020.11.19-21.26.25:379][  0]LogShaderCompilers: Display: Worker (1/3): shaders left to compile 3903
[2020.11.19-21.26.25:939][  0]LogShaderCompilers: Display: Worker (3/3): shaders left to compile 3902
[2020.11.19-21.26.26:506][  0]LogShaderCompilers: Display: Worker (1/3): shaders left to compile 3901
[2020.11.19-21.26.26:506][  0]LogShaderCompilers: Display: Worker (3/3): shaders left to compile 3900
[2020.11.19-21.26.27:067][  0]LogShaderCompilers: Display: Worker (3/3): shaders left to compile 3899
[2020.11.19-21.26.27:067][  0]LogShaderCompilers: Display: Worker (1/3): shaders left to compile 3898
[2020.11.19-21.26.28:200][  0]LogShaderCompilers: Display: Worker (3/3): shaders left to compile 3897
[2020.11.19-21.26.28:200][  0]LogShaderCompilers: Display: Worker (1/3): shaders left to compile 3896
[2020.11.19-21.26.34:928][  0]LogShaderCompilers: Display: Worker (1/3): shaders left to compile 3895
[2020.11.19-21.26.35:489][  0]LogShaderCompilers: Display: Worker (3/3): shaders left to compile 3894
[2020.11.19-21.26.37:171][  0]LogShaderCompilers: Display: Worker (3/3): shaders left to compile 3893
[2020.11.19-21.26.37:732][  0]LogShaderCompilers: Display: Worker (2/3): shaders left to compile 3892
[2020.11.19-21.26.38:863][  0]LogShaderCompilers: Display: Worker (1/3): shaders left to compile 3891
[2020.11.19-21.26.38:863][  0]LogShaderCompilers: Display: Worker (3/3): shaders left to compile 3890
[2020.11.19-21.26.43:348][  0]LogShaderCompilers: Display: Worker (2/3): shaders left to compile 3889
[2020.11.19-21.26.43:909][  0]LogShaderCompilers: Display: Worker (1/3): shaders left to compile 3888
[2020.11.19-21.26.43:909][  0]LogShaderCompilers: Display: Worker (3/3): shaders left to compile 3887
[2020.11.19-21.26.48:395][  0]LogShaderCompilers: Display: Worker (2/3): shaders left to compile 3886
[2020.11.19-21.26.55:523][  0]LogShaderCompilers: Display: Worker (1/3): shaders left to compile 3885
[2020.11.19-21.26.55:523][  0]LogShaderCompilers: Display: Worker (3/3): shaders left to compile 3884
[2020.11.19-21.27.04:653][  0]LogShaderCompilers: Display: Worker (2/3): shaders left to compile 3883
[2020.11.19-21.27.09:425][  0]LogShaderCompilers: Display: Worker (1/3): shaders left to compile 3882
[2020.11.19-21.27.09:425][  0]LogShaderCompilers: Display: Worker (3/3): shaders left to compile 3881
[2020.11.19-21.27.17:536][  0]LogShaderCompilers: Display: Worker (2/3): shaders left to compile 3880
[2020.11.19-21.27.19:846][  0]LogShaderCompilers: Display: Worker (1/3): shaders left to compile 3879
[2020.11.19-21.27.19:846][  0]LogShaderCompilers: Display: Worker (3/3): shaders left to compile 3878
[2020.11.19-21.27.39:497][  0]LogShaderCompilers: Display: Worker (2/3): shaders left to compile 3877
[2020.11.19-21.27.49:079][  0]LogShaderCompilers: Display: Worker (3/3): shaders left to compile 3876
[2020.11.19-21.27.49:675][  0]LogShaderCompilers: Display: Worker (1/3): shaders left to compile 3875
[2020.11.19-21.27.57:051][  0]LogShaderCompilers: Display: Worker (2/3): shaders left to compile 3874
[2020.11.19-21.27.58:189][  0]LogShaderCompilers: Display: Worker (3/3): shaders left to compile 3873
[2020.11.19-21.27.59:874][  0]LogShaderCompilers: Display: Worker (1/3): shaders left to compile 3872
[2020.11.19-21.28.29:180][  0]LogShaderCompilers: Display: Worker (2/3): shaders left to compile 3871
[2020.11.19-21.28.33:678][  0]LogShaderCompilers: Display: Worker (3/3): shaders left to compile 3870
[2020.11.19-21.28.41:998][  0]LogShaderCompilers: Display: Worker (1/3): shaders left to compile 3869
[2020.11.19-21.29.08:809][  0]LogShaderCompilers: Display: Worker (2/3): shaders left to compile 3868
[2020.11.19-21.30.03:968][  0]LogShaderCompilers: Display: Worker (3/3): shaders left to compile 3867
[2020.11.19-21.30.17:167][  0]LogShaderCompilers: Display: Worker (1/3): shaders left to compile 3866
[2020.11.19-21.30.48:518][  0]LogShaderCompilers: Display: Worker (2/3): shaders left to compile 3865
[2020.11.19-21.31.30:784][  0]LogShaderCompilers: Display: Worker (3/3): shaders left to compile 3864
[2020.11.19-21.31.56:770][  0]LogShaderCompilers: Display: Worker (1/3): shaders left to compile 3863
[2020.11.19-21.34.16:897][  0]LogShaderCompilers: Display: Worker (2/3): shaders left to compile 3862
[2020.11.19-21.35.35:441][  0]LogShaderCompilers: Display: Worker (3/3): shaders left to compile 3861
